

================================================================
== Vitis HLS Report for 'bucket_unit_sr_Block_split28_proc9'
================================================================
* Date:           Sat Jul 30 14:59:48 2022

* Version:        2020.2 (Build 3064766 on Wed Nov 18 09:12:47 MST 2020)
* Project:        hls_msm_32w_13bit
* Solution:       solution1 (Vivado IP Flow Target)
* Product family: virtexuplus
* Target device:  xcvu9p-flga2104-2-i


================================================================
== Performance Estimates
================================================================
+ Timing: 
    * Summary: 
    +--------+---------+----------+------------+
    |  Clock |  Target | Estimated| Uncertainty|
    +--------+---------+----------+------------+
    |ap_clk  |  4.00 ns|  2.789 ns|     1.08 ns|
    +--------+---------+----------+------------+

+ Latency: 
    * Summary: 
    +---------+---------+----------+----------+-----+-----+---------+
    |  Latency (cycles) |  Latency (absolute) |  Interval | Pipeline|
    |   min   |   max   |    min   |    max   | min | max |   Type  |
    +---------+---------+----------+----------+-----+-----+---------+
    |        ?|        ?|         ?|         ?|    ?|    ?|     none|
    +---------+---------+----------+----------+-----+-----+---------+

    + Detail: 
        * Instance: 
        N/A

        * Loop: 
        +--------------------+---------+---------+----------+-----------+-----------+------+----------+
        |                    |  Latency (cycles) | Iteration|  Initiation Interval  | Trip |          |
        |      Loop Name     |   min   |   max   |  Latency |  achieved |   target  | Count| Pipelined|
        +--------------------+---------+---------+----------+-----------+-----------+------+----------+
        |- Loop 1            |       16|       16|         1|          1|          1|    16|       yes|
        |- Loop 2            |       16|       16|         1|          1|          1|    16|       yes|
        |- VITIS_LOOP_260_1  |        ?|        ?|         3|          2|          1|     ?|       yes|
        |- VITIS_LOOP_307_3  |       15|       15|         2|          1|          1|    15|       yes|
        |- VITIS_LOOP_314_4  |        ?|        ?|         2|          2|          1|     ?|       yes|
        +--------------------+---------+---------+----------+-----------+-----------+------+----------+



================================================================
== Utilization Estimates
================================================================
* Summary: 
+---------------------+---------+------+---------+---------+-----+
|         Name        | BRAM_18K|  DSP |    FF   |   LUT   | URAM|
+---------------------+---------+------+---------+---------+-----+
|DSP                  |        -|     -|        -|        -|    -|
|Expression           |        -|     -|        0|      502|    -|
|FIFO                 |        -|     -|        -|        -|    -|
|Instance             |        -|     -|        -|        -|    -|
|Memory               |        0|     -|       80|       83|    -|
|Multiplexer          |        -|     -|        -|      558|    -|
|Register             |        -|     -|      311|        -|    -|
+---------------------+---------+------+---------+---------+-----+
|Total                |        0|     0|      391|     1143|    0|
+---------------------+---------+------+---------+---------+-----+
|Available SLR        |     1440|  2280|   788160|   394080|  320|
+---------------------+---------+------+---------+---------+-----+
|Utilization SLR (%)  |        0|     0|       ~0|       ~0|    0|
+---------------------+---------+------+---------+---------+-----+
|Available            |     4320|  6840|  2364480|  1182240|  960|
+---------------------+---------+------+---------+---------+-----+
|Utilization (%)      |        0|     0|       ~0|       ~0|    0|
+---------------------+---------+------+---------+---------+-----+

+ Detail: 
    * Instance: 
    N/A

    * DSP: 
    N/A

    * Memory: 
    +----------------+-------------------------------------------------+---------+----+----+-----+------+-----+------+-------------+
    |     Memory     |                      Module                     | BRAM_18K| FF | LUT| URAM| Words| Bits| Banks| W*Bits*Banks|
    +----------------+-------------------------------------------------+---------+----+----+-----+------+-----+------+-------------+
    |bcount_U        |bucket_unit_sr_Block_split28_proc9_bcount        |        0|  32|  33|    0|    16|   32|     1|          512|
    |fill_count_U    |bucket_unit_sr_Block_split28_proc9_bcount        |        0|  32|  33|    0|    16|   32|     1|          512|
    |padd_count_V_U  |bucket_unit_sr_Block_split28_proc9_padd_count_V  |        0|  16|  17|    0|    16|   13|     1|          208|
    +----------------+-------------------------------------------------+---------+----+----+-----+------+-----+------+-------------+
    |Total           |                                                 |        0|  80|  83|    0|    48|   77|     3|         1232|
    +----------------+-------------------------------------------------+---------+----+----+-----+------+-----+------+-------------+

    * FIFO: 
    N/A

    * Expression: 
    +-----------------------------------+----------+----+---+----+------------+------------+
    |           Variable Name           | Operation| DSP| FF| LUT| Bitwidth P0| Bitwidth P1|
    +-----------------------------------+----------+----+---+----+------------+------------+
    |add_ln294_fu_851_p2                |         +|   0|  0|  39|          32|           1|
    |add_ln295_fu_858_p2                |         +|   0|  0|  39|          32|           1|
    |add_ln307_fu_871_p2                |         +|   0|  0|  12|           5|           1|
    |add_ln319_fu_973_p2                |         +|   0|  0|  39|          32|           3|
    |add_ln691_fu_675_p2                |         +|   0|  0|  20|          13|           1|
    |count_BF1_V_3_fu_757_p2            |         +|   0|  0|  20|          13|           1|
    |count_BF2_V_3_fu_669_p2            |         +|   0|  0|  20|          13|           1|
    |empty_29_fu_561_p2                 |         +|   0|  0|  12|           5|           1|
    |empty_32_fu_578_p2                 |         +|   0|  0|  12|           5|           1|
    |i_7_fu_959_p2                      |         +|   0|  0|  39|          32|           1|
    |ret_V_1_fu_690_p2                  |         +|   0|  0|  21|          14|           2|
    |ret_V_2_fu_716_p2                  |         +|   0|  0|  12|           4|           2|
    |ret_V_fu_810_p2                    |         +|   0|  0|  12|           4|           2|
    |ap_block_pp2_stage0_11001          |       and|   0|  0|   2|           1|           1|
    |ap_block_state22                   |       and|   0|  0|   2|           1|           1|
    |ap_condition_104                   |       and|   0|  0|   2|           1|           1|
    |ap_condition_113                   |       and|   0|  0|   2|           1|           1|
    |ap_condition_422                   |       and|   0|  0|   2|           1|           1|
    |ap_condition_508                   |       and|   0|  0|   2|           1|           1|
    |ap_condition_521                   |       and|   0|  0|   2|           1|           1|
    |ap_predicate_op239_write_state22   |       and|   0|  0|   2|           1|           1|
    |tmp_8_i_nbreadreq_fu_202_p3        |       and|   0|  0|   2|           1|           0|
    |tmp_i_nbreadreq_fu_194_p3          |       and|   0|  0|   2|           1|           0|
    |exitcond2735_i_fu_584_p2           |      icmp|   0|  0|  10|           5|           6|
    |exitcond2836_i_fu_567_p2           |      icmp|   0|  0|  10|           5|           6|
    |icmp_ln307_fu_865_p2               |      icmp|   0|  0|  10|           5|           6|
    |icmp_ln308_fu_896_p2               |      icmp|   0|  0|  19|          31|           1|
    |icmp_ln315_fu_939_p2               |      icmp|   0|  0|  18|          29|           1|
    |icmp_ln870_3_fu_696_p2             |      icmp|   0|  0|  12|          14|          14|
    |icmp_ln870_fu_763_p2               |      icmp|   0|  0|  12|          13|           1|
    |icmp_ln874_fu_779_p2               |      icmp|   0|  0|   9|           4|           1|
    |icmp_ln878_13_fu_627_p2            |      icmp|   0|  0|  12|          13|          13|
    |icmp_ln878_14_fu_954_p2            |      icmp|   0|  0|  20|          32|          32|
    |icmp_ln878_fu_621_p2               |      icmp|   0|  0|  10|           6|           1|
    |lnot_i_i_i_fu_920_p2               |      icmp|   0|  0|   9|           4|           1|
    |ap_block_state1                    |        or|   0|  0|   2|           1|           1|
    |ap_block_state13_pp2_stage0_iter0  |        or|   0|  0|   2|           1|           1|
    |ap_condition_129                   |        or|   0|  0|   2|           1|           1|
    |ap_condition_256                   |        or|   0|  0|   2|           1|           1|
    |ap_condition_512                   |        or|   0|  0|   2|           1|           1|
    |or_ln260_fu_632_p2                 |        or|   0|  0|   2|           1|           1|
    |or_ln269_fu_836_p2                 |        or|   0|  0|   5|           5|           1|
    |or_ln282_fu_742_p2                 |        or|   0|  0|   5|           5|           1|
    |or_ln315_fu_945_p2                 |        or|   0|  0|   2|           1|           1|
    |nibble_K_V_1_fu_902_p3             |    select|   0|  0|   4|           1|           4|
    |ap_enable_pp2                      |       xor|   0|  0|   2|           1|           2|
    |ap_enable_pp3                      |       xor|   0|  0|   2|           1|           2|
    |ap_enable_reg_pp3_iter1            |       xor|   0|  0|   2|           2|           1|
    +-----------------------------------+----------+----+---+----+------------+------------+
    |Total                              |          |   0|  0| 502|         397|         127|
    +-----------------------------------+----------+----+---+----+------------+------------+

    * Multiplexer: 
    +---------------------------------+-----+-----------+-----+-----------+
    |               Name              | LUT | Input Size| Bits| Total Bits|
    +---------------------------------+-----+-----------+-----+-----------+
    |BFIFO_1176_blk_n                 |    9|          2|    1|          2|
    |BFIFO_2_blk_n                    |    9|          2|    1|          2|
    |B_i_address0                     |   14|          3|    5|         15|
    |B_i_address1                     |   14|          3|    5|         15|
    |B_i_d0                           |   14|          3|   32|         96|
    |B_i_d1                           |   14|          3|   32|         96|
    |CFIFO_blk_n                      |    9|          2|    1|          2|
    |ap_NS_fsm                        |  107|         22|    1|         22|
    |ap_done                          |    9|          2|    1|          2|
    |ap_enable_reg_pp2_iter1          |    9|          2|    1|          2|
    |ap_enable_reg_pp3_iter1          |   14|          3|    1|          3|
    |ap_phi_mux_data_V_phi_fu_524_p4  |   14|          3|   43|        129|
    |bcount_address0                  |   31|          6|    4|         24|
    |bcount_d0                        |   20|          4|   32|        128|
    |count_BF1_V_fu_168               |    9|          2|   13|         26|
    |count_BF2_V_fu_164               |    9|          2|   13|         26|
    |count_B_address0                 |   14|          3|    4|         12|
    |empty_31_reg_510                 |    9|          2|    5|         10|
    |empty_reg_499                    |    9|          2|    5|         10|
    |fill_count_address0              |   26|          5|    4|         20|
    |fill_count_d0                    |   14|          3|   32|         96|
    |i_4_fu_176                       |    9|          2|   32|         64|
    |i_reg_530                        |    9|          2|    5|         10|
    |nibble_K_V_reg_541               |    9|          2|    4|          8|
    |num_padd_ops_out_blk_n           |    9|          2|    1|          2|
    |p_Val2_s_fu_172                  |   14|          3|   43|        129|
    |padd_count_V_address0            |   54|         10|    4|         40|
    |padd_count_V_address1            |   54|         10|    4|         40|
    |padd_count_V_d1                  |   14|          3|   13|         39|
    |real_start                       |    9|          2|    1|          2|
    +---------------------------------+-----+-----------+-----+-----------+
    |Total                            |  558|        115|  343|       1072|
    +---------------------------------+-----+-----------+-----+-----------+

    * Register: 
    +-------------------------------+----+----+-----+-----------+
    |              Name             | FF | LUT| Bits| Const Bits|
    +-------------------------------+----+----+-----+-----------+
    |ap_CS_fsm                      |  21|   0|   21|          0|
    |ap_done_reg                    |   1|   0|    1|          0|
    |ap_enable_reg_pp2_iter0        |   1|   0|    1|          0|
    |ap_enable_reg_pp2_iter1        |   1|   0|    1|          0|
    |ap_enable_reg_pp3_iter0        |   1|   0|    1|          0|
    |ap_enable_reg_pp3_iter1        |   1|   0|    1|          0|
    |bcount_addr_1_reg_1169         |   4|   0|    4|          0|
    |bcount_addr_3_reg_1123         |   4|   0|    4|          0|
    |count_BF1_V_2_reg_1044         |  13|   0|   13|          0|
    |count_BF1_V_fu_168             |  13|   0|   13|          0|
    |count_BF2_V_2_reg_1039         |  13|   0|   13|          0|
    |count_BF2_V_fu_164             |  13|   0|   13|          0|
    |empty_31_reg_510               |   5|   0|    5|          0|
    |empty_reg_499                  |   5|   0|    5|          0|
    |fill_count_addr_2_reg_1128     |   4|   0|    4|          0|
    |i_4_fu_176                     |  32|   0|   32|          0|
    |i_reg_530                      |   5|   0|    5|          0|
    |icmp_ln307_reg_1133            |   1|   0|    1|          0|
    |icmp_ln870_3_reg_1111          |   1|   0|    1|          0|
    |icmp_ln870_reg_1115            |   1|   0|    1|          0|
    |icmp_ln874_reg_1119            |   1|   0|    1|          0|
    |icmp_ln878_13_reg_1053         |   1|   0|    1|          0|
    |icmp_ln878_14_reg_1183         |   1|   0|    1|          0|
    |icmp_ln878_reg_1049            |   1|   0|    1|          0|
    |lhs_V_2_reg_1077               |   4|   0|    4|          0|
    |lhs_V_reg_1101                 |   4|   0|    4|          0|
    |nibble_K_V_reg_541             |   4|   0|    4|          0|
    |num_padd_ops_cast_reg_1174     |  13|   0|   32|         19|
    |or_ln260_reg_1057              |   1|   0|    1|          0|
    |or_ln315_reg_1179              |   1|   0|    1|          0|
    |p_Val2_1_reg_1093              |  43|   0|   43|          0|
    |p_Val2_2_reg_1069              |  43|   0|   43|          0|
    |p_Val2_s_fu_172                |  43|   0|   43|          0|
    |padd_count_V_addr_16_reg_1082  |   4|   0|    4|          0|
    |start_once_reg                 |   1|   0|    1|          0|
    |tmp_8_i_reg_1065               |   1|   0|    1|          0|
    |tmp_i_reg_1061                 |   1|   0|    1|          0|
    |trunc_ln301_reg_1147           |   4|   0|    4|          0|
    +-------------------------------+----+----+-----+-----------+
    |Total                          | 311|   0|  330|         19|
    +-------------------------------+----+----+-----+-----------+



================================================================
== Interface
================================================================
* Summary: 
+-------------------------+-----+-----+------------+-------------------------------------+--------------+
|        RTL Ports        | Dir | Bits|  Protocol  |            Source Object            |    C Type    |
+-------------------------+-----+-----+------------+-------------------------------------+--------------+
|ap_clk                   |   in|    1|  ap_ctrl_hs|  bucket_unit_sr_Block_.split28_proc9|  return value|
|ap_rst                   |   in|    1|  ap_ctrl_hs|  bucket_unit_sr_Block_.split28_proc9|  return value|
|ap_start                 |   in|    1|  ap_ctrl_hs|  bucket_unit_sr_Block_.split28_proc9|  return value|
|start_full_n             |   in|    1|  ap_ctrl_hs|  bucket_unit_sr_Block_.split28_proc9|  return value|
|ap_done                  |  out|    1|  ap_ctrl_hs|  bucket_unit_sr_Block_.split28_proc9|  return value|
|ap_continue              |   in|    1|  ap_ctrl_hs|  bucket_unit_sr_Block_.split28_proc9|  return value|
|ap_idle                  |  out|    1|  ap_ctrl_hs|  bucket_unit_sr_Block_.split28_proc9|  return value|
|ap_ready                 |  out|    1|  ap_ctrl_hs|  bucket_unit_sr_Block_.split28_proc9|  return value|
|start_out                |  out|    1|  ap_ctrl_hs|  bucket_unit_sr_Block_.split28_proc9|  return value|
|start_write              |  out|    1|  ap_ctrl_hs|  bucket_unit_sr_Block_.split28_proc9|  return value|
|num_padd_ops             |   in|   13|     ap_none|                         num_padd_ops|        scalar|
|B_i_address0             |  out|    5|   ap_memory|                                  B_i|         array|
|B_i_ce0                  |  out|    1|   ap_memory|                                  B_i|         array|
|B_i_we0                  |  out|    1|   ap_memory|                                  B_i|         array|
|B_i_d0                   |  out|   32|   ap_memory|                                  B_i|         array|
|B_i_address1             |  out|    5|   ap_memory|                                  B_i|         array|
|B_i_ce1                  |  out|    1|   ap_memory|                                  B_i|         array|
|B_i_we1                  |  out|    1|   ap_memory|                                  B_i|         array|
|B_i_d1                   |  out|   32|   ap_memory|                                  B_i|         array|
|BFIFO_1176_dout          |   in|   43|     ap_fifo|                           BFIFO_1176|       pointer|
|BFIFO_1176_empty_n       |   in|    1|     ap_fifo|                           BFIFO_1176|       pointer|
|BFIFO_1176_read          |  out|    1|     ap_fifo|                           BFIFO_1176|       pointer|
|count_B_address0         |  out|    4|   ap_memory|                              count_B|         array|
|count_B_ce0              |  out|    1|   ap_memory|                              count_B|         array|
|count_B_q0               |   in|   13|   ap_memory|                              count_B|         array|
|BFIFO_2_dout             |   in|   43|     ap_fifo|                              BFIFO_2|       pointer|
|BFIFO_2_empty_n          |   in|    1|     ap_fifo|                              BFIFO_2|       pointer|
|BFIFO_2_read             |  out|    1|     ap_fifo|                              BFIFO_2|       pointer|
|CFIFO_din                |  out|   82|     ap_fifo|                                CFIFO|       pointer|
|CFIFO_full_n             |   in|    1|     ap_fifo|                                CFIFO|       pointer|
|CFIFO_write              |  out|    1|     ap_fifo|                                CFIFO|       pointer|
|num_padd_ops_out_din     |  out|   13|     ap_fifo|                     num_padd_ops_out|       pointer|
|num_padd_ops_out_full_n  |   in|    1|     ap_fifo|                     num_padd_ops_out|       pointer|
|num_padd_ops_out_write   |  out|    1|     ap_fifo|                     num_padd_ops_out|       pointer|
+-------------------------+-----+-----+------------+-------------------------------------+--------------+

