

================================================================
== Vitis HLS Report for 'bucket_unit_Loop_VITIS_LOOP_430_2_proc16'
================================================================
* Date:           Sun Aug  7 03:04:57 2022

* Version:        2020.2 (Build 3064766 on Wed Nov 18 09:12:47 MST 2020)
* Project:        hls_msm_32w_13bit
* Solution:       solution1 (Vivado IP Flow Target)
* Product family: virtexuplus
* Target device:  xcvu9p-flga2104-2-i


================================================================
== Performance Estimates
================================================================
+ Timing: 
    * Summary: 
    +--------+---------+----------+------------+
    |  Clock |  Target | Estimated| Uncertainty|
    +--------+---------+----------+------------+
    |ap_clk  |  4.00 ns|  2.692 ns|     1.08 ns|
    +--------+---------+----------+------------+

+ Latency: 
    * Summary: 
    +---------+---------+----------+-----------+-----+------+---------+
    |  Latency (cycles) |  Latency (absolute)  |  Interval  | Pipeline|
    |   min   |   max   |    min   |    max    | min |  max |   Type  |
    +---------+---------+----------+-----------+-----+------+---------+
    |        2|     8195|  8.000 ns|  32.780 us|    2|  8195|     none|
    +---------+---------+----------+-----------+-----+------+---------+

    + Detail: 
        * Instance: 
        N/A

        * Loop: 
        +--------------------+---------+---------+----------+-----------+-----------+----------+----------+
        |                    |  Latency (cycles) | Iteration|  Initiation Interval  |   Trip   |          |
        |      Loop Name     |   min   |   max   |  Latency |  achieved |   target  |   Count  | Pipelined|
        +--------------------+---------+---------+----------+-----------+-----------+----------+----------+
        |- VITIS_LOOP_430_2  |        0|     8193|         4|          1|          1|  0 ~ 8191|       yes|
        +--------------------+---------+---------+----------+-----------+-----------+----------+----------+



================================================================
== Utilization Estimates
================================================================
* Summary: 
+---------------------+---------+------+---------+---------+-----+
|         Name        | BRAM_18K|  DSP |    FF   |   LUT   | URAM|
+---------------------+---------+------+---------+---------+-----+
|DSP                  |        -|     -|        -|        -|    -|
|Expression           |        -|     -|        0|       76|    -|
|FIFO                 |        -|     -|        -|        -|    -|
|Instance             |        -|     -|        -|        -|    -|
|Memory               |        -|     -|        -|        -|    -|
|Multiplexer          |        -|     -|        -|      326|    -|
|Register             |        -|     -|      311|       32|    -|
+---------------------+---------+------+---------+---------+-----+
|Total                |        0|     0|      311|      434|    0|
+---------------------+---------+------+---------+---------+-----+
|Available SLR        |     1440|  2280|   788160|   394080|  320|
+---------------------+---------+------+---------+---------+-----+
|Utilization SLR (%)  |        0|     0|       ~0|       ~0|    0|
+---------------------+---------+------+---------+---------+-----+
|Available            |     4320|  6840|  2364480|  1182240|  960|
+---------------------+---------+------+---------+---------+-----+
|Utilization (%)      |        0|     0|       ~0|       ~0|    0|
+---------------------+---------+------+---------+---------+-----+

+ Detail: 
    * Instance: 
    N/A

    * DSP: 
    N/A

    * Memory: 
    N/A

    * FIFO: 
    N/A

    * Expression: 
    +----------------------------------+----------+----+---+----+------------+------------+
    |           Variable Name          | Operation| DSP| FF| LUT| Bitwidth P0| Bitwidth P1|
    +----------------------------------+----------+----+---+----+------------+------------+
    |i_4_fu_297_p2                     |         +|   0|  0|  20|          13|           1|
    |ap_block_state5_pp0_stage0_iter3  |       and|   0|  0|   2|           1|           1|
    |ap_predicate_op58_read_state4     |       and|   0|  0|   2|           1|           1|
    |ap_predicate_op60_read_state4     |       and|   0|  0|   2|           1|           1|
    |ap_predicate_op62_read_state4     |       and|   0|  0|   2|           1|           1|
    |ap_predicate_op64_read_state4     |       and|   0|  0|   2|           1|           1|
    |ap_predicate_op66_read_state4     |       and|   0|  0|   2|           1|           1|
    |ap_predicate_op68_read_state4     |       and|   0|  0|   2|           1|           1|
    |ap_predicate_op70_read_state4     |       and|   0|  0|   2|           1|           1|
    |ap_predicate_op72_read_state4     |       and|   0|  0|   2|           1|           1|
    |ap_predicate_op74_read_state4     |       and|   0|  0|   2|           1|           1|
    |ap_predicate_op76_read_state4     |       and|   0|  0|   2|           1|           1|
    |ap_predicate_op78_read_state4     |       and|   0|  0|   2|           1|           1|
    |ap_predicate_op80_read_state4     |       and|   0|  0|   2|           1|           1|
    |ap_predicate_op82_read_state4     |       and|   0|  0|   2|           1|           1|
    |ap_predicate_op84_read_state4     |       and|   0|  0|   2|           1|           1|
    |ap_predicate_op86_read_state4     |       and|   0|  0|   2|           1|           1|
    |ap_predicate_op88_read_state4     |       and|   0|  0|   2|           1|           1|
    |icmp_ln878_fu_303_p2              |      icmp|   0|  0|  12|          13|          13|
    |ap_block_pp0_stage0_01001         |        or|   0|  0|   2|           1|           1|
    |ap_block_state1                   |        or|   0|  0|   2|           1|           1|
    |ap_block_state4_pp0_stage0_iter2  |        or|   0|  0|   2|           1|           1|
    |ap_enable_pp0                     |       xor|   0|  0|   2|           1|           2|
    |ap_enable_reg_pp0_iter1           |       xor|   0|  0|   2|           2|           1|
    +----------------------------------+----------+----+---+----+------------+------------+
    |Total                             |          |   0|  0|  76|          49|          37|
    +----------------------------------+----------+----+---+----+------------+------------+

    * Multiplexer: 
    +-----------------------------------+----+-----------+-----+-----------+
    |                Name               | LUT| Input Size| Bits| Total Bits|
    +-----------------------------------+----+-----------+-----+-----------+
    |B_0_blk_n                          |   9|          2|    1|          2|
    |B_10_blk_n                         |   9|          2|    1|          2|
    |B_11_blk_n                         |   9|          2|    1|          2|
    |B_12_blk_n                         |   9|          2|    1|          2|
    |B_13_blk_n                         |   9|          2|    1|          2|
    |B_14_blk_n                         |   9|          2|    1|          2|
    |B_15_blk_n                         |   9|          2|    1|          2|
    |B_1_blk_n                          |   9|          2|    1|          2|
    |B_2_blk_n                          |   9|          2|    1|          2|
    |B_3_blk_n                          |   9|          2|    1|          2|
    |B_4_blk_n                          |   9|          2|    1|          2|
    |B_5_blk_n                          |   9|          2|    1|          2|
    |B_6_blk_n                          |   9|          2|    1|          2|
    |B_7_blk_n                          |   9|          2|    1|          2|
    |B_8_blk_n                          |   9|          2|    1|          2|
    |B_9_blk_n                          |   9|          2|    1|          2|
    |CFIFO_blk_n                        |   9|          2|    1|          2|
    |OVFIFO_blk_n                       |   9|          2|    1|          2|
    |ap_NS_fsm                          |  20|          4|    1|          4|
    |ap_done                            |   9|          2|    1|          2|
    |ap_enable_reg_pp0_iter1            |   9|          2|    1|          2|
    |ap_enable_reg_pp0_iter3            |   9|          2|    1|          2|
    |ap_phi_reg_pp0_iter3_v2_V_reg_260  |  81|         17|   39|        663|
    |i_reg_249                          |   9|          2|   13|         26|
    |num_padd_ops_blk_n                 |   9|          2|    1|          2|
    |num_padd_ops_out_blk_n             |   9|          2|    1|          2|
    |real_start                         |   9|          2|    1|          2|
    +-----------------------------------+----+-----------+-----+-----------+
    |Total                              | 326|         71|   77|        741|
    +-----------------------------------+----+-----------+-----+-----------+

    * Register: 
    +-----------------------------------+----+----+-----+-----------+
    |                Name               | FF | LUT| Bits| Const Bits|
    +-----------------------------------+----+----+-----+-----------+
    |ap_CS_fsm                          |   3|   0|    3|          0|
    |ap_done_reg                        |   1|   0|    1|          0|
    |ap_enable_reg_pp0_iter0            |   1|   0|    1|          0|
    |ap_enable_reg_pp0_iter1            |   1|   0|    1|          0|
    |ap_enable_reg_pp0_iter2            |   1|   0|    1|          0|
    |ap_enable_reg_pp0_iter3            |   1|   0|    1|          0|
    |ap_phi_reg_pp0_iter1_v2_V_reg_260  |  39|   0|   39|          0|
    |ap_phi_reg_pp0_iter2_v2_V_reg_260  |  39|   0|   39|          0|
    |ap_phi_reg_pp0_iter3_v2_V_reg_260  |  39|   0|   39|          0|
    |i_reg_249                          |  13|   0|   13|          0|
    |icmp_ln878_reg_341                 |   1|   0|    1|          0|
    |num_padd_ops_read_reg_331          |  13|   0|   13|          0|
    |start_once_reg                     |   1|   0|    1|          0|
    |tmp_reg_345                        |  43|   0|   43|          0|
    |tmp_reg_345_pp0_iter2_reg          |  43|   0|   43|          0|
    |v1_V_reg_350                       |   4|   0|    4|          0|
    |v1_V_reg_350_pp0_iter2_reg         |   4|   0|    4|          0|
    |icmp_ln878_reg_341                 |  64|  32|    1|          0|
    +-----------------------------------+----+----+-----+-----------+
    |Total                              | 311|  32|  248|          0|
    +-----------------------------------+----+----+-----+-----------+



================================================================
== Interface
================================================================
* Summary: 
+-------------------------+-----+-----+------------+------------------------------------------+--------------+
|        RTL Ports        | Dir | Bits|  Protocol  |               Source Object              |    C Type    |
+-------------------------+-----+-----+------------+------------------------------------------+--------------+
|ap_clk                   |   in|    1|  ap_ctrl_hs|  bucket_unit_Loop_VITIS_LOOP_430_2_proc16|  return value|
|ap_rst                   |   in|    1|  ap_ctrl_hs|  bucket_unit_Loop_VITIS_LOOP_430_2_proc16|  return value|
|ap_start                 |   in|    1|  ap_ctrl_hs|  bucket_unit_Loop_VITIS_LOOP_430_2_proc16|  return value|
|start_full_n             |   in|    1|  ap_ctrl_hs|  bucket_unit_Loop_VITIS_LOOP_430_2_proc16|  return value|
|ap_done                  |  out|    1|  ap_ctrl_hs|  bucket_unit_Loop_VITIS_LOOP_430_2_proc16|  return value|
|ap_continue              |   in|    1|  ap_ctrl_hs|  bucket_unit_Loop_VITIS_LOOP_430_2_proc16|  return value|
|ap_idle                  |  out|    1|  ap_ctrl_hs|  bucket_unit_Loop_VITIS_LOOP_430_2_proc16|  return value|
|ap_ready                 |  out|    1|  ap_ctrl_hs|  bucket_unit_Loop_VITIS_LOOP_430_2_proc16|  return value|
|start_out                |  out|    1|  ap_ctrl_hs|  bucket_unit_Loop_VITIS_LOOP_430_2_proc16|  return value|
|start_write              |  out|    1|  ap_ctrl_hs|  bucket_unit_Loop_VITIS_LOOP_430_2_proc16|  return value|
|num_padd_ops_dout        |   in|   13|     ap_fifo|                              num_padd_ops|       pointer|
|num_padd_ops_empty_n     |   in|    1|     ap_fifo|                              num_padd_ops|       pointer|
|num_padd_ops_read        |  out|    1|     ap_fifo|                              num_padd_ops|       pointer|
|CFIFO_din                |  out|   82|     ap_fifo|                                     CFIFO|       pointer|
|CFIFO_full_n             |   in|    1|     ap_fifo|                                     CFIFO|       pointer|
|CFIFO_write              |  out|    1|     ap_fifo|                                     CFIFO|       pointer|
|B_0_dout                 |   in|   39|     ap_fifo|                                       B_0|       pointer|
|B_0_empty_n              |   in|    1|     ap_fifo|                                       B_0|       pointer|
|B_0_read                 |  out|    1|     ap_fifo|                                       B_0|       pointer|
|OVFIFO_dout              |   in|   43|     ap_fifo|                                    OVFIFO|       pointer|
|OVFIFO_empty_n           |   in|    1|     ap_fifo|                                    OVFIFO|       pointer|
|OVFIFO_read              |  out|    1|     ap_fifo|                                    OVFIFO|       pointer|
|B_1_dout                 |   in|   39|     ap_fifo|                                       B_1|       pointer|
|B_1_empty_n              |   in|    1|     ap_fifo|                                       B_1|       pointer|
|B_1_read                 |  out|    1|     ap_fifo|                                       B_1|       pointer|
|B_2_dout                 |   in|   39|     ap_fifo|                                       B_2|       pointer|
|B_2_empty_n              |   in|    1|     ap_fifo|                                       B_2|       pointer|
|B_2_read                 |  out|    1|     ap_fifo|                                       B_2|       pointer|
|B_3_dout                 |   in|   39|     ap_fifo|                                       B_3|       pointer|
|B_3_empty_n              |   in|    1|     ap_fifo|                                       B_3|       pointer|
|B_3_read                 |  out|    1|     ap_fifo|                                       B_3|       pointer|
|B_4_dout                 |   in|   39|     ap_fifo|                                       B_4|       pointer|
|B_4_empty_n              |   in|    1|     ap_fifo|                                       B_4|       pointer|
|B_4_read                 |  out|    1|     ap_fifo|                                       B_4|       pointer|
|B_5_dout                 |   in|   39|     ap_fifo|                                       B_5|       pointer|
|B_5_empty_n              |   in|    1|     ap_fifo|                                       B_5|       pointer|
|B_5_read                 |  out|    1|     ap_fifo|                                       B_5|       pointer|
|B_6_dout                 |   in|   39|     ap_fifo|                                       B_6|       pointer|
|B_6_empty_n              |   in|    1|     ap_fifo|                                       B_6|       pointer|
|B_6_read                 |  out|    1|     ap_fifo|                                       B_6|       pointer|
|B_7_dout                 |   in|   39|     ap_fifo|                                       B_7|       pointer|
|B_7_empty_n              |   in|    1|     ap_fifo|                                       B_7|       pointer|
|B_7_read                 |  out|    1|     ap_fifo|                                       B_7|       pointer|
|B_8_dout                 |   in|   39|     ap_fifo|                                       B_8|       pointer|
|B_8_empty_n              |   in|    1|     ap_fifo|                                       B_8|       pointer|
|B_8_read                 |  out|    1|     ap_fifo|                                       B_8|       pointer|
|B_9_dout                 |   in|   39|     ap_fifo|                                       B_9|       pointer|
|B_9_empty_n              |   in|    1|     ap_fifo|                                       B_9|       pointer|
|B_9_read                 |  out|    1|     ap_fifo|                                       B_9|       pointer|
|B_10_dout                |   in|   39|     ap_fifo|                                      B_10|       pointer|
|B_10_empty_n             |   in|    1|     ap_fifo|                                      B_10|       pointer|
|B_10_read                |  out|    1|     ap_fifo|                                      B_10|       pointer|
|B_11_dout                |   in|   39|     ap_fifo|                                      B_11|       pointer|
|B_11_empty_n             |   in|    1|     ap_fifo|                                      B_11|       pointer|
|B_11_read                |  out|    1|     ap_fifo|                                      B_11|       pointer|
|B_12_dout                |   in|   39|     ap_fifo|                                      B_12|       pointer|
|B_12_empty_n             |   in|    1|     ap_fifo|                                      B_12|       pointer|
|B_12_read                |  out|    1|     ap_fifo|                                      B_12|       pointer|
|B_13_dout                |   in|   39|     ap_fifo|                                      B_13|       pointer|
|B_13_empty_n             |   in|    1|     ap_fifo|                                      B_13|       pointer|
|B_13_read                |  out|    1|     ap_fifo|                                      B_13|       pointer|
|B_14_dout                |   in|   39|     ap_fifo|                                      B_14|       pointer|
|B_14_empty_n             |   in|    1|     ap_fifo|                                      B_14|       pointer|
|B_14_read                |  out|    1|     ap_fifo|                                      B_14|       pointer|
|B_15_dout                |   in|   39|     ap_fifo|                                      B_15|       pointer|
|B_15_empty_n             |   in|    1|     ap_fifo|                                      B_15|       pointer|
|B_15_read                |  out|    1|     ap_fifo|                                      B_15|       pointer|
|num_padd_ops_out_din     |  out|   13|     ap_fifo|                          num_padd_ops_out|       pointer|
|num_padd_ops_out_full_n  |   in|    1|     ap_fifo|                          num_padd_ops_out|       pointer|
|num_padd_ops_out_write   |  out|    1|     ap_fifo|                          num_padd_ops_out|       pointer|
+-------------------------+-----+-----+------------+------------------------------------------+--------------+

