

================================================================
== Vitis HLS Report for 'bucket_unit_Loop_1_proc15'
================================================================
* Date:           Sun Aug  7 06:52:36 2022

* Version:        2020.2 (Build 3064766 on Wed Nov 18 09:12:47 MST 2020)
* Project:        hls_msm_32w_13bit
* Solution:       solution1 (Vivado IP Flow Target)
* Product family: virtexuplus
* Target device:  xcvu9p-flga2104-2-i


================================================================
== Performance Estimates
================================================================
+ Timing: 
    * Summary: 
    +--------+---------+----------+------------+
    |  Clock |  Target | Estimated| Uncertainty|
    +--------+---------+----------+------------+
    |ap_clk  |  4.00 ns|  2.789 ns|     1.08 ns|
    +--------+---------+----------+------------+

+ Latency: 
    * Summary: 
    +---------+---------+----------+----------+-----+-----+---------+
    |  Latency (cycles) |  Latency (absolute) |  Interval | Pipeline|
    |   min   |   max   |    min   |    max   | min | max |   Type  |
    +---------+---------+----------+----------+-----+-----+---------+
    |        ?|        ?|         ?|         ?|    ?|    ?|     none|
    +---------+---------+----------+----------+-----+-----+---------+

    + Detail: 
        * Instance: 
        N/A

        * Loop: 
        +--------------------+---------+---------+----------+-----------+-----------+------+----------+
        |                    |  Latency (cycles) | Iteration|  Initiation Interval  | Trip |          |
        |      Loop Name     |   min   |   max   |  Latency |  achieved |   target  | Count| Pipelined|
        +--------------------+---------+---------+----------+-----------+-----------+------+----------+
        |- Loop 1            |       16|       16|         2|          1|          1|    16|       yes|
        |- VITIS_LOOP_384_1  |        ?|        ?|         4|          2|          1|     ?|       yes|
        +--------------------+---------+---------+----------+-----------+-----------+------+----------+



================================================================
== Utilization Estimates
================================================================
* Summary: 
+---------------------+---------+------+---------+---------+-----+
|         Name        | BRAM_18K|  DSP |    FF   |   LUT   | URAM|
+---------------------+---------+------+---------+---------+-----+
|DSP                  |        -|     -|        -|        -|    -|
|Expression           |        -|     -|        0|      268|    -|
|FIFO                 |        -|     -|        -|        -|    -|
|Instance             |        -|     -|        -|        -|    -|
|Memory               |        0|     -|       20|       23|    -|
|Multiplexer          |        -|     -|        -|      567|    -|
|Register             |        -|     -|      244|        -|    -|
+---------------------+---------+------+---------+---------+-----+
|Total                |        0|     0|      264|      858|    0|
+---------------------+---------+------+---------+---------+-----+
|Available SLR        |     1440|  2280|   788160|   394080|  320|
+---------------------+---------+------+---------+---------+-----+
|Utilization SLR (%)  |        0|     0|       ~0|       ~0|    0|
+---------------------+---------+------+---------+---------+-----+
|Available            |     4320|  6840|  2364480|  1182240|  960|
+---------------------+---------+------+---------+---------+-----+
|Utilization (%)      |        0|     0|       ~0|       ~0|    0|
+---------------------+---------+------+---------+---------+-----+

+ Detail: 
    * Instance: 
    N/A

    * DSP: 
    N/A

    * Memory: 
    +---------------------------------------------------------------------------+----------------------------------------------------------------------------------+---------+----+----+-----+------+-----+------+-------------+
    |                                   Memory                                  |                                      Module                                      | BRAM_18K| FF | LUT| URAM| Words| Bits| Banks| W*Bits*Banks|
    +---------------------------------------------------------------------------+----------------------------------------------------------------------------------+---------+----+----+-----+------+-----+------+-------------+
    |bucket_unit_ap_uint_13_stream_ap_uint_43_0_ap_uint_32_ap_uint_13_fill_B_U  |bucket_unit_Loop_1_proc15_bucket_unit_ap_uint_13_stream_ap_uint_43_0_ap_uint_bkb  |        0|   2|   3|    0|    16|    1|     1|           16|
    |fill_B_U                                                                   |bucket_unit_Loop_1_proc15_fill_B                                                  |        0|   2|   3|    0|    16|    1|     1|           16|
    |padd_count_V_U                                                             |bucket_unit_Loop_1_proc15_padd_count_V                                            |        0|  16|  17|    0|    16|   13|     1|          208|
    +---------------------------------------------------------------------------+----------------------------------------------------------------------------------+---------+----+----+-----+------+-----+------+-------------+
    |Total                                                                      |                                                                                  |        0|  20|  23|    0|    48|   15|     3|          240|
    +---------------------------------------------------------------------------+----------------------------------------------------------------------------------+---------+----+----+-----+------+-----+------+-------------+

    * FIFO: 
    N/A

    * Expression: 
    +-----------------------------------+----------+----+---+----+------------+------------+
    |           Variable Name           | Operation| DSP| FF| LUT| Bitwidth P0| Bitwidth P1|
    +-----------------------------------+----------+----+---+----+------------+------------+
    |add_ln691_fu_741_p2                |         +|   0|  0|  20|          13|           1|
    |count_BF1_V_3_fu_819_p2            |         +|   0|  0|  20|          13|           1|
    |count_BF2_V_3_fu_735_p2            |         +|   0|  0|  20|          13|           1|
    |empty_fu_644_p2                    |         +|   0|  0|  12|           5|           1|
    |ret_V_1_fu_756_p2                  |         +|   0|  0|  21|          14|           2|
    |ret_V_2_fu_782_p2                  |         +|   0|  0|  12|           4|           2|
    |ret_V_fu_866_p2                    |         +|   0|  0|  12|           4|           2|
    |ap_block_pp1_stage0_11001          |       and|   0|  0|   2|           1|           1|
    |ap_block_pp1_stage1_01001          |       and|   0|  0|   2|           1|           1|
    |ap_condition_167                   |       and|   0|  0|   2|           1|           1|
    |ap_condition_176                   |       and|   0|  0|   2|           1|           1|
    |ap_condition_594                   |       and|   0|  0|   2|           1|           1|
    |ap_condition_693                   |       and|   0|  0|   2|           1|           1|
    |ap_condition_779                   |       and|   0|  0|   2|           1|           1|
    |ap_condition_792                   |       and|   0|  0|   2|           1|           1|
    |tmp_8_i_nbreadreq_fu_234_p3        |       and|   0|  0|   2|           1|           0|
    |tmp_i_nbreadreq_fu_226_p3          |       and|   0|  0|   2|           1|           0|
    |exitcond2134_i_i_i_fu_650_p2       |      icmp|   0|  0|  10|           5|           6|
    |icmp_ln870_3_fu_762_p2             |      icmp|   0|  0|  12|          14|          14|
    |icmp_ln870_fu_825_p2               |      icmp|   0|  0|  12|          13|           1|
    |icmp_ln874_fu_841_p2               |      icmp|   0|  0|   9|           4|           1|
    |icmp_ln878_13_fu_693_p2            |      icmp|   0|  0|  12|          13|          13|
    |icmp_ln878_fu_687_p2               |      icmp|   0|  0|  10|           6|           1|
    |ap_block_state1                    |        or|   0|  0|   2|           1|           1|
    |ap_block_state12_pp1_stage0_iter0  |        or|   0|  0|   2|           1|           1|
    |ap_block_state15_pp1_stage1_iter1  |        or|   0|  0|   2|           1|           1|
    |ap_condition_192                   |        or|   0|  0|   2|           1|           1|
    |ap_condition_695                   |        or|   0|  0|   2|           1|           1|
    |ap_condition_783                   |        or|   0|  0|   2|           1|           1|
    |ap_predicate_op218_write_state15   |        or|   0|  0|   2|           1|           1|
    |ap_predicate_op221_write_state15   |        or|   0|  0|   2|           1|           1|
    |ap_predicate_op222_write_state15   |        or|   0|  0|   2|           1|           1|
    |ap_predicate_op223_write_state15   |        or|   0|  0|   2|           1|           1|
    |ap_predicate_op224_write_state15   |        or|   0|  0|   2|           1|           1|
    |ap_predicate_op225_write_state15   |        or|   0|  0|   2|           1|           1|
    |ap_predicate_op226_write_state15   |        or|   0|  0|   2|           1|           1|
    |ap_predicate_op227_write_state15   |        or|   0|  0|   2|           1|           1|
    |ap_predicate_op228_write_state15   |        or|   0|  0|   2|           1|           1|
    |ap_predicate_op229_write_state15   |        or|   0|  0|   2|           1|           1|
    |ap_predicate_op230_write_state15   |        or|   0|  0|   2|           1|           1|
    |ap_predicate_op231_write_state15   |        or|   0|  0|   2|           1|           1|
    |ap_predicate_op232_write_state15   |        or|   0|  0|   2|           1|           1|
    |ap_predicate_op233_write_state15   |        or|   0|  0|   2|           1|           1|
    |ap_predicate_op234_write_state15   |        or|   0|  0|   2|           1|           1|
    |ap_predicate_op235_write_state15   |        or|   0|  0|   2|           1|           1|
    |ap_predicate_op236_write_state15   |        or|   0|  0|   2|           1|           1|
    |or_ln384_fu_698_p2                 |        or|   0|  0|   2|           1|           1|
    |or_ln393_fu_892_p2                 |        or|   0|  0|   5|           5|           1|
    |or_ln406_fu_808_p2                 |        or|   0|  0|   5|           5|           1|
    |ap_enable_pp0                      |       xor|   0|  0|   2|           1|           2|
    |ap_enable_pp1                      |       xor|   0|  0|   2|           1|           2|
    |ap_enable_reg_pp0_iter1            |       xor|   0|  0|   2|           2|           1|
    |xor_ln419_fu_903_p2                |       xor|   0|  0|   2|           1|           2|
    +-----------------------------------+----------+----+---+----+------------+------------+
    |Total                              |          |   0|  0| 268|         170|          87|
    +-----------------------------------+----------+----+---+----+------------+------------+

    * Multiplexer: 
    +---------------------------------+----+-----------+-----+-----------+
    |               Name              | LUT| Input Size| Bits| Total Bits|
    +---------------------------------+----+-----------+-----+-----------+
    |BFIFO_1176_blk_n                 |   9|          2|    1|          2|
    |BFIFO_2_blk_n                    |   9|          2|    1|          2|
    |B_0_blk_n                        |   9|          2|    1|          2|
    |B_10_blk_n                       |   9|          2|    1|          2|
    |B_11_blk_n                       |   9|          2|    1|          2|
    |B_12_blk_n                       |   9|          2|    1|          2|
    |B_13_blk_n                       |   9|          2|    1|          2|
    |B_14_blk_n                       |   9|          2|    1|          2|
    |B_15_blk_n                       |   9|          2|    1|          2|
    |B_1_blk_n                        |   9|          2|    1|          2|
    |B_2_blk_n                        |   9|          2|    1|          2|
    |B_3_blk_n                        |   9|          2|    1|          2|
    |B_4_blk_n                        |   9|          2|    1|          2|
    |B_5_blk_n                        |   9|          2|    1|          2|
    |B_6_blk_n                        |   9|          2|    1|          2|
    |B_7_blk_n                        |   9|          2|    1|          2|
    |B_8_blk_n                        |   9|          2|    1|          2|
    |B_9_blk_n                        |   9|          2|    1|          2|
    |B_i_address0                     |  14|          3|    5|         15|
    |B_i_address1                     |  14|          3|    5|         15|
    |B_i_d0                           |  14|          3|   32|         96|
    |B_i_d1                           |  14|          3|   32|         96|
    |OVFIFO_blk_n                     |   9|          2|    1|          2|
    |ap_NS_fsm                        |  65|         14|    1|         14|
    |ap_done                          |   9|          2|    1|          2|
    |ap_enable_reg_pp0_iter1          |  14|          3|    1|          3|
    |ap_enable_reg_pp1_iter1          |   9|          2|    1|          2|
    |ap_phi_mux_data_V_phi_fu_629_p4  |  14|          3|   43|        129|
    |count_BF1_V_fu_208               |   9|          2|   13|         26|
    |count_BF2_V_fu_204               |   9|          2|   13|         26|
    |count_B_address0                 |  14|          3|    4|         12|
    |data_V_reg_625                   |  14|          3|   43|        129|
    |fill_B_address0                  |  20|          4|    4|         16|
    |fill_B_d0                        |  14|          3|    1|          3|
    |loop_index_i_i_i_reg_614         |   9|          2|    5|         10|
    |num_padd_ops_out_blk_n           |   9|          2|    1|          2|
    |padd_count_V_address0            |  54|         10|    4|         40|
    |padd_count_V_address1            |  54|         10|    4|         40|
    |padd_count_V_d1                  |  14|          3|   13|         39|
    |real_start                       |   9|          2|    1|          2|
    +---------------------------------+----+-----------+-----+-----------+
    |Total                            | 567|        120|  246|        755|
    +---------------------------------+----+-----------+-----+-----------+

    * Register: 
    +-------------------------------------+----+----+-----+-----------+
    |                 Name                | FF | LUT| Bits| Const Bits|
    +-------------------------------------+----+----+-----+-----------+
    |ap_CS_fsm                            |  13|   0|   13|          0|
    |ap_done_reg                          |   1|   0|    1|          0|
    |ap_enable_reg_pp0_iter0              |   1|   0|    1|          0|
    |ap_enable_reg_pp0_iter1              |   1|   0|    1|          0|
    |ap_enable_reg_pp1_iter0              |   1|   0|    1|          0|
    |ap_enable_reg_pp1_iter1              |   1|   0|    1|          0|
    |count_BF1_V_2_reg_973                |  13|   0|   13|          0|
    |count_BF1_V_fu_208                   |  13|   0|   13|          0|
    |count_BF2_V_2_reg_968                |  13|   0|   13|          0|
    |count_BF2_V_fu_204                   |  13|   0|   13|          0|
    |data_V_reg_625                       |  43|   0|   43|          0|
    |exitcond2134_i_i_i_reg_940           |   1|   0|    1|          0|
    |fill_B_addr_1_reg_1054               |   4|   0|    4|          0|
    |fill_B_load_reg_1059                 |   1|   0|    1|          0|
    |icmp_ln870_3_reg_1038                |   1|   0|    1|          0|
    |icmp_ln870_reg_1042                  |   1|   0|    1|          0|
    |icmp_ln874_reg_1050                  |   1|   0|    1|          0|
    |icmp_ln878_13_reg_982                |   1|   0|    1|          0|
    |icmp_ln878_13_reg_982_pp1_iter1_reg  |   1|   0|    1|          0|
    |icmp_ln878_reg_978                   |   1|   0|    1|          0|
    |icmp_ln878_reg_978_pp1_iter1_reg     |   1|   0|    1|          0|
    |lhs_V_2_reg_1005                     |   4|   0|    4|          0|
    |lhs_V_reg_1028                       |   4|   0|    4|          0|
    |loop_index_i_i_cast_i_reg_944        |   5|   0|   64|         59|
    |loop_index_i_i_i_reg_614             |   5|   0|    5|          0|
    |nibble_K_V_reg_1046                  |   4|   0|    4|          0|
    |or_ln384_reg_986                     |   1|   0|    1|          0|
    |p_Val2_1_reg_998                     |  43|   0|   43|          0|
    |p_Val2_s_reg_1021                    |  43|   0|   43|          0|
    |padd_count_V_addr_16_reg_1010        |   4|   0|    4|          0|
    |start_once_reg                       |   1|   0|    1|          0|
    |tmp_8_i_reg_994                      |   1|   0|    1|          0|
    |tmp_8_i_reg_994_pp1_iter1_reg        |   1|   0|    1|          0|
    |tmp_i_reg_990                        |   1|   0|    1|          0|
    |tmp_i_reg_990_pp1_iter1_reg          |   1|   0|    1|          0|
    +-------------------------------------+----+----+-----+-----------+
    |Total                                | 244|   0|  303|         59|
    +-------------------------------------+----+----+-----+-----------+



================================================================
== Interface
================================================================
* Summary: 
+-------------------------+-----+-----+------------+---------------------------+--------------+
|        RTL Ports        | Dir | Bits|  Protocol  |       Source Object       |    C Type    |
+-------------------------+-----+-----+------------+---------------------------+--------------+
|ap_clk                   |   in|    1|  ap_ctrl_hs|  bucket_unit_Loop_1_proc15|  return value|
|ap_rst                   |   in|    1|  ap_ctrl_hs|  bucket_unit_Loop_1_proc15|  return value|
|ap_start                 |   in|    1|  ap_ctrl_hs|  bucket_unit_Loop_1_proc15|  return value|
|start_full_n             |   in|    1|  ap_ctrl_hs|  bucket_unit_Loop_1_proc15|  return value|
|ap_done                  |  out|    1|  ap_ctrl_hs|  bucket_unit_Loop_1_proc15|  return value|
|ap_continue              |   in|    1|  ap_ctrl_hs|  bucket_unit_Loop_1_proc15|  return value|
|ap_idle                  |  out|    1|  ap_ctrl_hs|  bucket_unit_Loop_1_proc15|  return value|
|ap_ready                 |  out|    1|  ap_ctrl_hs|  bucket_unit_Loop_1_proc15|  return value|
|start_out                |  out|    1|  ap_ctrl_hs|  bucket_unit_Loop_1_proc15|  return value|
|start_write              |  out|    1|  ap_ctrl_hs|  bucket_unit_Loop_1_proc15|  return value|
|num_padd_ops             |   in|   13|     ap_none|               num_padd_ops|        scalar|
|B_i_address0             |  out|    5|   ap_memory|                        B_i|         array|
|B_i_ce0                  |  out|    1|   ap_memory|                        B_i|         array|
|B_i_we0                  |  out|    1|   ap_memory|                        B_i|         array|
|B_i_d0                   |  out|   32|   ap_memory|                        B_i|         array|
|B_i_address1             |  out|    5|   ap_memory|                        B_i|         array|
|B_i_ce1                  |  out|    1|   ap_memory|                        B_i|         array|
|B_i_we1                  |  out|    1|   ap_memory|                        B_i|         array|
|B_i_d1                   |  out|   32|   ap_memory|                        B_i|         array|
|BFIFO_1176_dout          |   in|   43|     ap_fifo|                 BFIFO_1176|       pointer|
|BFIFO_1176_empty_n       |   in|    1|     ap_fifo|                 BFIFO_1176|       pointer|
|BFIFO_1176_read          |  out|    1|     ap_fifo|                 BFIFO_1176|       pointer|
|count_B_address0         |  out|    4|   ap_memory|                    count_B|         array|
|count_B_ce0              |  out|    1|   ap_memory|                    count_B|         array|
|count_B_q0               |   in|   13|   ap_memory|                    count_B|         array|
|BFIFO_2_dout             |   in|   43|     ap_fifo|                    BFIFO_2|       pointer|
|BFIFO_2_empty_n          |   in|    1|     ap_fifo|                    BFIFO_2|       pointer|
|BFIFO_2_read             |  out|    1|     ap_fifo|                    BFIFO_2|       pointer|
|B_0_din                  |  out|   39|     ap_fifo|                        B_0|       pointer|
|B_0_full_n               |   in|    1|     ap_fifo|                        B_0|       pointer|
|B_0_write                |  out|    1|     ap_fifo|                        B_0|       pointer|
|B_1_din                  |  out|   39|     ap_fifo|                        B_1|       pointer|
|B_1_full_n               |   in|    1|     ap_fifo|                        B_1|       pointer|
|B_1_write                |  out|    1|     ap_fifo|                        B_1|       pointer|
|B_2_din                  |  out|   39|     ap_fifo|                        B_2|       pointer|
|B_2_full_n               |   in|    1|     ap_fifo|                        B_2|       pointer|
|B_2_write                |  out|    1|     ap_fifo|                        B_2|       pointer|
|B_3_din                  |  out|   39|     ap_fifo|                        B_3|       pointer|
|B_3_full_n               |   in|    1|     ap_fifo|                        B_3|       pointer|
|B_3_write                |  out|    1|     ap_fifo|                        B_3|       pointer|
|B_4_din                  |  out|   39|     ap_fifo|                        B_4|       pointer|
|B_4_full_n               |   in|    1|     ap_fifo|                        B_4|       pointer|
|B_4_write                |  out|    1|     ap_fifo|                        B_4|       pointer|
|B_5_din                  |  out|   39|     ap_fifo|                        B_5|       pointer|
|B_5_full_n               |   in|    1|     ap_fifo|                        B_5|       pointer|
|B_5_write                |  out|    1|     ap_fifo|                        B_5|       pointer|
|B_6_din                  |  out|   39|     ap_fifo|                        B_6|       pointer|
|B_6_full_n               |   in|    1|     ap_fifo|                        B_6|       pointer|
|B_6_write                |  out|    1|     ap_fifo|                        B_6|       pointer|
|B_7_din                  |  out|   39|     ap_fifo|                        B_7|       pointer|
|B_7_full_n               |   in|    1|     ap_fifo|                        B_7|       pointer|
|B_7_write                |  out|    1|     ap_fifo|                        B_7|       pointer|
|B_8_din                  |  out|   39|     ap_fifo|                        B_8|       pointer|
|B_8_full_n               |   in|    1|     ap_fifo|                        B_8|       pointer|
|B_8_write                |  out|    1|     ap_fifo|                        B_8|       pointer|
|B_9_din                  |  out|   39|     ap_fifo|                        B_9|       pointer|
|B_9_full_n               |   in|    1|     ap_fifo|                        B_9|       pointer|
|B_9_write                |  out|    1|     ap_fifo|                        B_9|       pointer|
|B_10_din                 |  out|   39|     ap_fifo|                       B_10|       pointer|
|B_10_full_n              |   in|    1|     ap_fifo|                       B_10|       pointer|
|B_10_write               |  out|    1|     ap_fifo|                       B_10|       pointer|
|B_11_din                 |  out|   39|     ap_fifo|                       B_11|       pointer|
|B_11_full_n              |   in|    1|     ap_fifo|                       B_11|       pointer|
|B_11_write               |  out|    1|     ap_fifo|                       B_11|       pointer|
|B_12_din                 |  out|   39|     ap_fifo|                       B_12|       pointer|
|B_12_full_n              |   in|    1|     ap_fifo|                       B_12|       pointer|
|B_12_write               |  out|    1|     ap_fifo|                       B_12|       pointer|
|B_13_din                 |  out|   39|     ap_fifo|                       B_13|       pointer|
|B_13_full_n              |   in|    1|     ap_fifo|                       B_13|       pointer|
|B_13_write               |  out|    1|     ap_fifo|                       B_13|       pointer|
|B_14_din                 |  out|   39|     ap_fifo|                       B_14|       pointer|
|B_14_full_n              |   in|    1|     ap_fifo|                       B_14|       pointer|
|B_14_write               |  out|    1|     ap_fifo|                       B_14|       pointer|
|B_15_din                 |  out|   39|     ap_fifo|                       B_15|       pointer|
|B_15_full_n              |   in|    1|     ap_fifo|                       B_15|       pointer|
|B_15_write               |  out|    1|     ap_fifo|                       B_15|       pointer|
|OVFIFO_din               |  out|   43|     ap_fifo|                     OVFIFO|       pointer|
|OVFIFO_full_n            |   in|    1|     ap_fifo|                     OVFIFO|       pointer|
|OVFIFO_write             |  out|    1|     ap_fifo|                     OVFIFO|       pointer|
|num_padd_ops_out_din     |  out|   13|     ap_fifo|           num_padd_ops_out|       pointer|
|num_padd_ops_out_full_n  |   in|    1|     ap_fifo|           num_padd_ops_out|       pointer|
|num_padd_ops_out_write   |  out|    1|     ap_fifo|           num_padd_ops_out|       pointer|
+-------------------------+-----+-----+------------+---------------------------+--------------+

