

================================================================
== Vitis HLS Report for 'bucket_unit_sr_Loop_VITIS_LOOP_327_5_proc8'
================================================================
* Date:           Sat Jul 30 06:05:43 2022

* Version:        2020.2 (Build 3064766 on Wed Nov 18 09:12:47 MST 2020)
* Project:        hls_msm_32w_13bit
* Solution:       solution1 (Vivado IP Flow Target)
* Product family: virtexuplus
* Target device:  xcvu9p-flga2104-2-i


================================================================
== Performance Estimates
================================================================
+ Timing: 
    * Summary: 
    +--------+---------+----------+------------+
    |  Clock |  Target | Estimated| Uncertainty|
    +--------+---------+----------+------------+
    |ap_clk  |  4.00 ns|  2.833 ns|     1.08 ns|
    +--------+---------+----------+------------+

+ Latency: 
    * Summary: 
    +---------+---------+----------+-----------+-----+------+---------+
    |  Latency (cycles) |  Latency (absolute)  |  Interval  | Pipeline|
    |   min   |   max   |    min   |    max    | min |  max |   Type  |
    +---------+---------+----------+-----------+-----+------+---------+
    |        2|     8225|  8.000 ns|  32.900 us|    2|  8225|     none|
    +---------+---------+----------+-----------+-----+------+---------+

    + Detail: 
        * Instance: 
        +--------------------+---------+---------+---------+-----------+-----------+-----+-----+---------+
        |                    |         |  Latency (cycles) |   Latency (absolute)  |  Interval | Pipeline|
        |      Instance      |  Module |   min   |   max   |    min    |    max    | min | max |   Type  |
        +--------------------+---------+---------+---------+-----------+-----------+-----+-----+---------+
        |grp_pdouble_fu_144  |pdouble  |       22|       22|  88.000 ns|  88.000 ns|    1|    1|      yes|
        +--------------------+---------+---------+---------+-----------+-----------+-----+-----+---------+

        * Loop: 
        +--------------------+---------+---------+----------+-----------+-----------+----------+----------+
        |                    |  Latency (cycles) | Iteration|  Initiation Interval  |   Trip   |          |
        |      Loop Name     |   min   |   max   |  Latency |  achieved |   target  |   Count  | Pipelined|
        +--------------------+---------+---------+----------+-----------+-----------+----------+----------+
        |- VITIS_LOOP_327_5  |        0|     8223|        34|          1|          1|  0 ~ 8191|       yes|
        +--------------------+---------+---------+----------+-----------+-----------+----------+----------+



================================================================
== Utilization Estimates
================================================================
* Summary: 
+---------------------+---------+------+---------+---------+-----+
|         Name        | BRAM_18K|  DSP |    FF   |   LUT   | URAM|
+---------------------+---------+------+---------+---------+-----+
|DSP                  |        -|    16|        -|        -|    -|
|Expression           |        -|     -|        0|     6322|    -|
|FIFO                 |        -|     -|        -|        -|    -|
|Instance             |        -|     7|     1257|     3096|    -|
|Memory               |        -|     -|        -|        -|    -|
|Multiplexer          |        -|     -|        -|       83|    -|
|Register             |        -|     -|     3536|      864|    -|
+---------------------+---------+------+---------+---------+-----+
|Total                |        0|    23|     4793|    10365|    0|
+---------------------+---------+------+---------+---------+-----+
|Available SLR        |     1440|  2280|   788160|   394080|  320|
+---------------------+---------+------+---------+---------+-----+
|Utilization SLR (%)  |        0|     1|       ~0|        2|    0|
+---------------------+---------+------+---------+---------+-----+
|Available            |     4320|  6840|  2364480|  1182240|  960|
+---------------------+---------+------+---------+---------+-----+
|Utilization (%)      |        0|    ~0|       ~0|       ~0|    0|
+---------------------+---------+------+---------+---------+-----+

+ Detail: 
    * Instance: 
    +--------------------+---------+---------+----+------+------+-----+
    |      Instance      |  Module | BRAM_18K| DSP|  FF  |  LUT | URAM|
    +--------------------+---------+---------+----+------+------+-----+
    |grp_pdouble_fu_144  |pdouble  |        0|   7|  1257|  3096|    0|
    +--------------------+---------+---------+----+------+------+-----+
    |Total               |         |        0|   7|  1257|  3096|    0|
    +--------------------+---------+---------+----+------+------+-----+

    * DSP: 
    +------------------------------+--------------------------+-----------+
    |           Instance           |          Module          | Expression|
    +------------------------------+--------------------------+-----------+
    |mul_mul_13ns_13ns_26_4_0_U21  |mul_mul_13ns_13ns_26_4_0  |    i0 * i0|
    |mul_mul_13ns_13ns_26_4_0_U22  |mul_mul_13ns_13ns_26_4_0  |    i0 * i0|
    |mul_mul_13ns_13ns_26_4_0_U23  |mul_mul_13ns_13ns_26_4_0  |    i0 * i1|
    |mul_mul_13ns_13ns_26_4_0_U24  |mul_mul_13ns_13ns_26_4_0  |    i0 * i1|
    |mul_mul_13ns_13ns_26_4_0_U25  |mul_mul_13ns_13ns_26_4_0  |    i0 * i1|
    |mul_mul_13ns_13ns_26_4_0_U26  |mul_mul_13ns_13ns_26_4_0  |    i0 * i1|
    |mul_mul_13ns_13ns_26_4_0_U27  |mul_mul_13ns_13ns_26_4_0  |    i0 * i1|
    |mul_mul_13ns_13ns_26_4_0_U28  |mul_mul_13ns_13ns_26_4_0  |    i0 * i1|
    |mul_mul_13ns_13ns_26_4_0_U29  |mul_mul_13ns_13ns_26_4_0  |    i0 * i0|
    |mul_mul_13ns_13ns_26_4_0_U30  |mul_mul_13ns_13ns_26_4_0  |    i0 * i1|
    |mul_mul_13ns_13ns_26_4_0_U31  |mul_mul_13ns_13ns_26_4_0  |    i0 * i1|
    |mul_mul_13ns_13ns_26_4_0_U32  |mul_mul_13ns_13ns_26_4_0  |    i0 * i0|
    |mul_mul_13ns_13ns_26_4_0_U33  |mul_mul_13ns_13ns_26_4_0  |    i0 * i0|
    |mul_mul_13ns_13ns_26_4_0_U34  |mul_mul_13ns_13ns_26_4_0  |    i0 * i1|
    |mul_mul_13ns_13ns_26_4_0_U35  |mul_mul_13ns_13ns_26_4_0  |    i0 * i1|
    |mul_mul_13ns_13ns_26_4_0_U36  |mul_mul_13ns_13ns_26_4_0  |    i0 * i1|
    +------------------------------+--------------------------+-----------+

    * Memory: 
    N/A

    * FIFO: 
    N/A

    * Expression: 
    +------------------------------------+----------+----+---+----+------------+------------+
    |            Variable Name           | Operation| DSP| FF| LUT| Bitwidth P0| Bitwidth P1|
    +------------------------------------+----------+----+---+----+------------+------------+
    |add_ln208_15_fu_335_p2              |         +|   0|  0|  17|          10|          10|
    |add_ln208_17_fu_606_p2              |         +|   0|  0|  17|          10|          10|
    |add_ln208_19_fu_665_p2              |         +|   0|  0|  17|          10|          10|
    |add_ln208_21_fu_724_p2              |         +|   0|  0|  17|          10|          10|
    |add_ln208_23_fu_1315_p2             |         +|   0|  0|  17|          10|          10|
    |add_ln208_25_fu_783_p2              |         +|   0|  0|  17|          10|          10|
    |add_ln208_27_fu_1374_p2             |         +|   0|  0|  17|          10|          10|
    |add_ln208_29_fu_1631_p2             |         +|   0|  0|  17|          10|          10|
    |add_ln208_31_fu_1975_p2             |         +|   0|  0|  17|          10|          10|
    |add_ln208_33_fu_2034_p2             |         +|   0|  0|  17|          10|          10|
    |add_ln208_35_fu_2093_p2             |         +|   0|  0|  17|          10|          10|
    |add_ln208_37_fu_2814_p2             |         +|   0|  0|  17|          10|          10|
    |add_ln208_39_fu_2998_p2             |         +|   0|  0|  17|          10|          10|
    |add_ln208_41_fu_2326_p2             |         +|   0|  0|  17|          10|          10|
    |add_ln208_43_fu_3057_p2             |         +|   0|  0|  17|          10|          10|
    |add_ln208_fu_276_p2                 |         +|   0|  0|  17|          10|          10|
    |add_ln213_28_fu_381_p2              |         +|   0|  0|  26|          26|          26|
    |add_ln213_31_fu_439_p2              |         +|   0|  0|  26|          26|          26|
    |add_ln213_34_fu_829_p2              |         +|   0|  0|  26|          26|          26|
    |add_ln213_37_fu_887_p2              |         +|   0|  0|  26|          26|          26|
    |add_ln213_40_fu_945_p2              |         +|   0|  0|  26|          26|          26|
    |add_ln213_43_fu_1420_p2             |         +|   0|  0|  26|          26|          26|
    |add_ln213_46_fu_1003_p2             |         +|   0|  0|  26|          26|          26|
    |add_ln213_49_fu_1478_p2             |         +|   0|  0|  26|          26|          26|
    |add_ln213_52_fu_1225_p2             |         +|   0|  0|  20|          13|          13|
    |add_ln213_53_fu_1663_p2             |         +|   0|  0|  20|          13|          13|
    |add_ln213_54_fu_1694_p2             |         +|   0|  0|  26|          26|          26|
    |add_ln213_57_fu_2139_p2             |         +|   0|  0|  26|          26|          26|
    |add_ln213_60_fu_2197_p2             |         +|   0|  0|  26|          26|          26|
    |add_ln213_63_fu_2255_p2             |         +|   0|  0|  26|          26|          26|
    |add_ln213_69_fu_2886_p2             |         +|   0|  0|  26|          26|          26|
    |add_ln213_72_fu_3103_p2             |         +|   0|  0|  26|          26|          26|
    |add_ln213_76_fu_2502_p2             |         +|   0|  0|  26|          26|          26|
    |add_ln213_81_fu_3161_p2             |         +|   0|  0|  26|          26|          26|
    |add_ln213_fu_1915_p2                |         +|   0|  0|  26|          13|          13|
    |add_ln26_10_fu_1150_p2              |         +|   0|  0|  20|          13|           9|
    |add_ln26_11_fu_1537_p2              |         +|   0|  0|  20|          13|           9|
    |add_ln26_12_fu_1195_p2              |         +|   0|  0|  20|          13|           9|
    |add_ln26_13_fu_1578_p2              |         +|   0|  0|  20|          13|           9|
    |add_ln26_14_fu_1775_p2              |         +|   0|  0|  20|          13|           9|
    |add_ln26_15_fu_2376_p2              |         +|   0|  0|  20|          13|           9|
    |add_ln26_16_fu_2421_p2              |         +|   0|  0|  20|          13|           9|
    |add_ln26_17_fu_2462_p2              |         +|   0|  0|  20|          13|           9|
    |add_ln26_18_fu_2945_p2              |         +|   0|  0|  20|          13|           9|
    |add_ln26_19_fu_3252_p2              |         +|   0|  0|  20|          13|           9|
    |add_ln26_20_fu_2608_p2              |         +|   0|  0|  20|          13|           9|
    |add_ln26_21_fu_3293_p2              |         +|   0|  0|  20|          13|           9|
    |add_ln26_7_fu_549_p2                |         +|   0|  0|  20|          13|           9|
    |add_ln26_8_fu_1068_p2               |         +|   0|  0|  20|          13|           9|
    |add_ln26_9_fu_1109_p2               |         +|   0|  0|  20|          13|           9|
    |add_ln26_fu_504_p2                  |         +|   0|  0|  20|          13|           9|
    |i_3_fu_151_p2                       |         +|   0|  0|  20|          13|           1|
    |ret_V_18_fu_1732_p2                 |         +|   0|  0|  21|          14|          14|
    |sum_y_V_fu_3329_p2                  |         +|   0|  0|  26|          13|          13|
    |t_V_10_fu_1325_p2                   |         +|   0|  0|  21|          14|          14|
    |t_V_11_fu_793_p2                    |         +|   0|  0|  21|          14|          14|
    |t_V_12_fu_1384_p2                   |         +|   0|  0|  21|          14|          14|
    |t_V_13_fu_1641_p2                   |         +|   0|  0|  21|          14|          14|
    |t_V_14_fu_1985_p2                   |         +|   0|  0|  21|          14|          14|
    |t_V_15_fu_2044_p2                   |         +|   0|  0|  21|          14|          14|
    |t_V_16_fu_2103_p2                   |         +|   0|  0|  21|          14|          14|
    |t_V_17_fu_2824_p2                   |         +|   0|  0|  21|          14|          14|
    |t_V_18_fu_3008_p2                   |         +|   0|  0|  21|          14|          14|
    |t_V_19_fu_2336_p2                   |         +|   0|  0|  21|          14|          14|
    |t_V_20_fu_3067_p2                   |         +|   0|  0|  21|          14|          14|
    |t_V_6_fu_345_p2                     |         +|   0|  0|  21|          14|          14|
    |t_V_7_fu_616_p2                     |         +|   0|  0|  21|          14|          14|
    |t_V_8_fu_675_p2                     |         +|   0|  0|  21|          14|          14|
    |t_V_9_fu_734_p2                     |         +|   0|  0|  21|          14|          14|
    |t_V_fu_286_p2                       |         +|   0|  0|  21|          14|          14|
    |x_V_28_fu_2575_p2                   |         +|   0|  0|  26|          13|          13|
    |x_V_32_fu_2737_p2                   |         +|   0|  0|  26|          13|          13|
    |x_V_33_fu_2850_p2                   |         +|   0|  0|  26|          13|          13|
    |y_V_100_fu_1556_p2                  |         +|   0|  0|  33|          26|          14|
    |y_V_106_fu_1712_p2                  |         +|   0|  0|  33|          26|          14|
    |y_V_108_fu_1753_p2                  |         +|   0|  0|  33|          26|          14|
    |y_V_112_fu_2157_p2                  |         +|   0|  0|  33|          26|          14|
    |y_V_114_fu_2354_p2                  |         +|   0|  0|  33|          26|          14|
    |y_V_118_fu_2215_p2                  |         +|   0|  0|  33|          26|          14|
    |y_V_120_fu_2399_p2                  |         +|   0|  0|  33|          26|          14|
    |y_V_123_fu_2273_p2                  |         +|   0|  0|  33|          26|          14|
    |y_V_125_fu_2440_p2                  |         +|   0|  0|  33|          26|          14|
    |y_V_132_fu_2904_p2                  |         +|   0|  0|  33|          26|          14|
    |y_V_134_fu_2923_p2                  |         +|   0|  0|  33|          26|          14|
    |y_V_136_fu_2765_p2                  |         +|   0|  0|  26|          13|          13|
    |y_V_138_fu_3121_p2                  |         +|   0|  0|  33|          26|          14|
    |y_V_140_fu_3230_p2                  |         +|   0|  0|  33|          26|          14|
    |y_V_145_fu_2520_p2                  |         +|   0|  0|  33|          26|          14|
    |y_V_147_fu_2586_p2                  |         +|   0|  0|  33|          26|          14|
    |y_V_151_fu_3179_p2                  |         +|   0|  0|  33|          26|          14|
    |y_V_153_fu_3271_p2                  |         +|   0|  0|  33|          26|          14|
    |y_V_161_fu_2715_p2                  |         +|   0|  0|  26|          13|          13|
    |y_V_59_fu_399_p2                    |         +|   0|  0|  33|          26|          14|
    |y_V_61_fu_482_p2                    |         +|   0|  0|  33|          26|          14|
    |y_V_64_fu_457_p2                    |         +|   0|  0|  33|          26|          14|
    |y_V_66_fu_527_p2                    |         +|   0|  0|  33|          26|          14|
    |y_V_70_fu_847_p2                    |         +|   0|  0|  33|          26|          14|
    |y_V_72_fu_1046_p2                   |         +|   0|  0|  33|          26|          14|
    |y_V_76_fu_905_p2                    |         +|   0|  0|  33|          26|          14|
    |y_V_78_fu_1087_p2                   |         +|   0|  0|  33|          26|          14|
    |y_V_81_fu_963_p2                    |         +|   0|  0|  33|          26|          14|
    |y_V_83_fu_1128_p2                   |         +|   0|  0|  33|          26|          14|
    |y_V_87_fu_1438_p2                   |         +|   0|  0|  33|          26|          14|
    |y_V_89_fu_1515_p2                   |         +|   0|  0|  33|          26|          14|
    |y_V_92_fu_1021_p2                   |         +|   0|  0|  33|          26|          14|
    |y_V_94_fu_1173_p2                   |         +|   0|  0|  33|          26|          14|
    |y_V_98_fu_1496_p2                   |         +|   0|  0|  33|          26|          14|
    |H_V_fu_1230_p2                      |         -|   0|  0|  20|          13|          13|
    |sub_ln213_29_fu_416_p2              |         -|   0|  0|  33|          26|          26|
    |sub_ln213_31_fu_806_p2              |         -|   0|  0|  33|          26|          26|
    |sub_ln213_33_fu_864_p2              |         -|   0|  0|  33|          26|          26|
    |sub_ln213_35_fu_922_p2              |         -|   0|  0|  33|          26|          26|
    |sub_ln213_37_fu_1397_p2             |         -|   0|  0|  33|          26|          26|
    |sub_ln213_39_fu_980_p2              |         -|   0|  0|  33|          26|          26|
    |sub_ln213_41_fu_1455_p2             |         -|   0|  0|  33|          26|          26|
    |sub_ln213_46_fu_1671_p2             |         -|   0|  0|  33|          26|          26|
    |sub_ln213_48_fu_2116_p2             |         -|   0|  0|  33|          26|          26|
    |sub_ln213_51_fu_2174_p2             |         -|   0|  0|  33|          26|          26|
    |sub_ln213_53_fu_2232_p2             |         -|   0|  0|  33|          26|          26|
    |sub_ln213_55_fu_2546_p2             |         -|   0|  0|  26|          13|          13|
    |sub_ln213_57_fu_2697_p2             |         -|   0|  0|  26|          13|          13|
    |sub_ln213_58_fu_2749_p2             |         -|   0|  0|  26|          13|          13|
    |sub_ln213_59_fu_2863_p2             |         -|   0|  0|  33|          26|          26|
    |sub_ln213_62_fu_3080_p2             |         -|   0|  0|  33|          26|          26|
    |sub_ln213_64_fu_3313_p2             |         -|   0|  0|  26|          13|          13|
    |sub_ln213_66_fu_2479_p2             |         -|   0|  0|  33|          26|          26|
    |sub_ln213_68_fu_2721_p2             |         -|   0|  0|  26|          13|          13|
    |sub_ln213_69_fu_2834_p2             |         -|   0|  0|  26|          13|          13|
    |sub_ln213_70_fu_3138_p2             |         -|   0|  0|  33|          26|          26|
    |sub_ln213_fu_358_p2                 |         -|   0|  0|  33|          26|          26|
    |t3_V_fu_1744_p2                     |         -|   0|  0|  20|          13|          13|
    |x_V_22_fu_1262_p2                   |         -|   0|  0|  20|          13|          13|
    |x_V_25_fu_1821_p2                   |         -|   0|  0|  20|          13|          13|
    |x_V_fu_1926_p2                      |         -|   0|  0|  26|          13|          13|
    |y_V_105_fu_1700_p2                  |         -|   0|  0|  26|          26|          26|
    |y_V_111_fu_2145_p2                  |         -|   0|  0|  26|          26|          26|
    |y_V_117_fu_2203_p2                  |         -|   0|  0|  26|          26|          26|
    |y_V_122_fu_2261_p2                  |         -|   0|  0|  26|          26|          26|
    |y_V_129_fu_2691_p2                  |         -|   0|  0|  20|          13|          13|
    |y_V_131_fu_2892_p2                  |         -|   0|  0|  26|          26|          26|
    |y_V_137_fu_3109_p2                  |         -|   0|  0|  26|          26|          26|
    |y_V_142_fu_3219_p2                  |         -|   0|  0|  20|          13|          13|
    |y_V_144_fu_2508_p2                  |         -|   0|  0|  26|          26|          26|
    |y_V_150_fu_3167_p2                  |         -|   0|  0|  26|          26|          26|
    |y_V_63_fu_445_p2                    |         -|   0|  0|  26|          26|          26|
    |y_V_69_fu_835_p2                    |         -|   0|  0|  26|          26|          26|
    |y_V_75_fu_893_p2                    |         -|   0|  0|  26|          26|          26|
    |y_V_80_fu_951_p2                    |         -|   0|  0|  26|          26|          26|
    |y_V_86_fu_1426_p2                   |         -|   0|  0|  26|          26|          26|
    |y_V_91_fu_1009_p2                   |         -|   0|  0|  26|          26|          26|
    |y_V_97_fu_1484_p2                   |         -|   0|  0|  26|          26|          26|
    |y_V_fu_387_p2                       |         -|   0|  0|  26|          26|          26|
    |and_ln52_fu_1891_p2                 |       and|   0|  0|   2|           1|           1|
    |and_ln54_fu_1862_p2                 |       and|   0|  0|   2|           1|           1|
    |and_ln870_fu_1873_p2                |       and|   0|  0|   2|           1|           1|
    |ap_block_state35_pp0_stage0_iter33  |       and|   0|  0|   2|           1|           1|
    |ap_block_state3_pp0_stage0_iter1    |       and|   0|  0|   2|           1|           1|
    |icmp_ln52_fu_1852_p2                |      icmp|   0|  0|  12|          13|           1|
    |icmp_ln870_1_fu_1842_p2             |      icmp|   0|  0|  12|          13|           1|
    |icmp_ln870_2_fu_1272_p2             |      icmp|   0|  0|  12|          13|          13|
    |icmp_ln870_fu_1837_p2               |      icmp|   0|  0|  12|          13|           1|
    |icmp_ln874_fu_1858_p2               |      icmp|   0|  0|  12|          13|          13|
    |icmp_ln878_10_fu_1807_p2            |      icmp|   0|  0|  12|          14|          13|
    |icmp_ln878_11_fu_2557_p2            |      icmp|   0|  0|  12|          14|          13|
    |icmp_ln878_12_fu_3205_p2            |      icmp|   0|  0|  12|          14|          13|
    |icmp_ln878_13_fu_1831_p2            |      icmp|   0|  0|  12|          14|          13|
    |icmp_ln878_9_fu_1248_p2             |      icmp|   0|  0|  12|          14|          13|
    |icmp_ln878_fu_157_p2                |      icmp|   0|  0|  12|          13|          13|
    |icmp_ln882_21_fu_477_p2             |      icmp|   0|  0|  17|          26|          13|
    |icmp_ln882_22_fu_498_p2             |      icmp|   0|  0|  17|          26|          13|
    |icmp_ln882_23_fu_451_p2             |      icmp|   0|  0|  17|          26|          13|
    |icmp_ln882_24_fu_522_p2             |      icmp|   0|  0|  17|          26|          13|
    |icmp_ln882_25_fu_543_p2             |      icmp|   0|  0|  17|          26|          13|
    |icmp_ln882_26_fu_841_p2             |      icmp|   0|  0|  17|          26|          13|
    |icmp_ln882_27_fu_1041_p2            |      icmp|   0|  0|  17|          26|          13|
    |icmp_ln882_28_fu_1062_p2            |      icmp|   0|  0|  17|          26|          13|
    |icmp_ln882_29_fu_899_p2             |      icmp|   0|  0|  17|          26|          13|
    |icmp_ln882_30_fu_1082_p2            |      icmp|   0|  0|  17|          26|          13|
    |icmp_ln882_31_fu_1103_p2            |      icmp|   0|  0|  17|          26|          13|
    |icmp_ln882_32_fu_957_p2             |      icmp|   0|  0|  17|          26|          13|
    |icmp_ln882_33_fu_1123_p2            |      icmp|   0|  0|  17|          26|          13|
    |icmp_ln882_34_fu_1144_p2            |      icmp|   0|  0|  17|          26|          13|
    |icmp_ln882_35_fu_1432_p2            |      icmp|   0|  0|  17|          26|          13|
    |icmp_ln882_36_fu_1510_p2            |      icmp|   0|  0|  17|          26|          13|
    |icmp_ln882_37_fu_1531_p2            |      icmp|   0|  0|  17|          26|          13|
    |icmp_ln882_38_fu_1015_p2            |      icmp|   0|  0|  17|          26|          13|
    |icmp_ln882_39_fu_1168_p2            |      icmp|   0|  0|  17|          26|          13|
    |icmp_ln882_40_fu_1189_p2            |      icmp|   0|  0|  17|          26|          13|
    |icmp_ln882_41_fu_1490_p2            |      icmp|   0|  0|  17|          26|          13|
    |icmp_ln882_42_fu_1551_p2            |      icmp|   0|  0|  17|          26|          13|
    |icmp_ln882_43_fu_1572_p2            |      icmp|   0|  0|  17|          26|          13|
    |icmp_ln882_44_fu_1706_p2            |      icmp|   0|  0|  17|          26|          13|
    |icmp_ln882_45_fu_1748_p2            |      icmp|   0|  0|  17|          26|          13|
    |icmp_ln882_46_fu_1769_p2            |      icmp|   0|  0|  17|          26|          13|
    |icmp_ln882_47_fu_2151_p2            |      icmp|   0|  0|  17|          26|          13|
    |icmp_ln882_48_fu_2349_p2            |      icmp|   0|  0|  17|          26|          13|
    |icmp_ln882_49_fu_2370_p2            |      icmp|   0|  0|  17|          26|          13|
    |icmp_ln882_50_fu_2209_p2            |      icmp|   0|  0|  17|          26|          13|
    |icmp_ln882_51_fu_2394_p2            |      icmp|   0|  0|  17|          26|          13|
    |icmp_ln882_52_fu_2415_p2            |      icmp|   0|  0|  17|          26|          13|
    |icmp_ln882_53_fu_2267_p2            |      icmp|   0|  0|  17|          26|          13|
    |icmp_ln882_54_fu_2435_p2            |      icmp|   0|  0|  17|          26|          13|
    |icmp_ln882_55_fu_2456_p2            |      icmp|   0|  0|  17|          26|          13|
    |icmp_ln882_56_fu_2898_p2            |      icmp|   0|  0|  17|          26|          13|
    |icmp_ln882_57_fu_2918_p2            |      icmp|   0|  0|  17|          26|          13|
    |icmp_ln882_58_fu_2939_p2            |      icmp|   0|  0|  17|          26|          13|
    |icmp_ln882_59_fu_3115_p2            |      icmp|   0|  0|  17|          26|          13|
    |icmp_ln882_60_fu_3225_p2            |      icmp|   0|  0|  17|          26|          13|
    |icmp_ln882_61_fu_3246_p2            |      icmp|   0|  0|  17|          26|          13|
    |icmp_ln882_62_fu_2514_p2            |      icmp|   0|  0|  17|          26|          13|
    |icmp_ln882_63_fu_2581_p2            |      icmp|   0|  0|  17|          26|          13|
    |icmp_ln882_64_fu_2602_p2            |      icmp|   0|  0|  17|          26|          13|
    |icmp_ln882_65_fu_3173_p2            |      icmp|   0|  0|  17|          26|          13|
    |icmp_ln882_66_fu_3266_p2            |      icmp|   0|  0|  17|          26|          13|
    |icmp_ln882_67_fu_3287_p2            |      icmp|   0|  0|  17|          26|          13|
    |icmp_ln882_fu_393_p2                |      icmp|   0|  0|  17|          26|          13|
    |icmp_ln886_10_fu_2725_p2            |      icmp|   0|  0|  12|          13|          13|
    |icmp_ln886_11_fu_2838_p2            |      icmp|   0|  0|  12|          13|          13|
    |icmp_ln886_5_fu_1651_p2             |      icmp|   0|  0|  12|          13|          13|
    |icmp_ln886_6_fu_2563_p2             |      icmp|   0|  0|  12|          13|          13|
    |icmp_ln886_7_fu_2702_p2             |      icmp|   0|  0|  12|          13|          13|
    |icmp_ln886_8_fu_2753_p2             |      icmp|   0|  0|  12|          13|          13|
    |icmp_ln886_9_fu_3317_p2             |      icmp|   0|  0|  12|          13|          13|
    |icmp_ln886_fu_1213_p2               |      icmp|   0|  0|  12|          13|          13|
    |ap_block_pp0_stage0_01001           |        or|   0|  0|   2|           1|           1|
    |ap_block_state1                     |        or|   0|  0|   2|           1|           1|
    |or_ln52_1_fu_1897_p2                |        or|   0|  0|   2|           1|           1|
    |or_ln52_2_fu_1903_p2                |        or|   0|  0|   2|           1|           1|
    |or_ln52_3_fu_1909_p2                |        or|   0|  0|   2|           1|           1|
    |or_ln52_fu_1847_p2                  |        or|   0|  0|  13|          13|          13|
    |or_ln870_fu_1879_p2                 |        or|   0|  0|   2|           1|           1|
    |select_ln213_14_fu_1655_p3          |    select|   0|  0|  10|           1|           1|
    |select_ln213_15_fu_1254_p3          |    select|   0|  0|  10|           1|           1|
    |select_ln213_16_fu_1813_p3          |    select|   0|  0|  10|           1|           1|
    |select_ln213_17_fu_2684_p3          |    select|   0|  0|  10|           1|           1|
    |select_ln213_18_fu_2567_p3          |    select|   0|  0|  10|           1|           1|
    |select_ln213_19_fu_2707_p3          |    select|   0|  0|  10|           1|           1|
    |select_ln213_20_fu_2757_p3          |    select|   0|  0|  10|           1|           1|
    |select_ln213_21_fu_3211_p3          |    select|   0|  0|  10|           1|           1|
    |select_ln213_22_fu_3321_p3          |    select|   0|  0|  10|           1|           1|
    |select_ln213_23_fu_1919_p3          |    select|   0|  0|  10|           1|           1|
    |select_ln213_24_fu_2729_p3          |    select|   0|  0|  10|           1|           1|
    |select_ln213_25_fu_2842_p3          |    select|   0|  0|  10|           1|           1|
    |select_ln213_fu_1217_p3             |    select|   0|  0|  10|           1|           1|
    |select_ln26_fu_2951_p3              |    select|   0|  0|  13|           1|          13|
    |select_ln52_10_fu_2666_p3           |    select|   0|  0|  13|           1|          13|
    |select_ln52_11_fu_2672_p3           |    select|   0|  0|  13|           1|          13|
    |select_ln52_1_fu_2628_p3            |    select|   0|  0|  13|           1|          13|
    |select_ln52_2_fu_3299_p3            |    select|   0|  0|  13|           1|          13|
    |select_ln52_3_fu_2634_p3            |    select|   0|  0|  13|           1|          13|
    |select_ln52_5_fu_2641_p3            |    select|   0|  0|  13|           1|          13|
    |select_ln52_6_fu_2647_p3            |    select|   0|  0|  13|           1|          13|
    |select_ln52_7_fu_2653_p3            |    select|   0|  0|  13|           1|          13|
    |select_ln52_9_fu_2660_p3            |    select|   0|  0|  13|           1|          13|
    |select_ln52_fu_2622_p3              |    select|   0|  0|  13|           1|          13|
    |v2_V_6_fu_3335_p3                   |    select|   0|  0|  13|           1|          13|
    |v2_V_7_fu_2743_p3                   |    select|   0|  0|  13|           1|          13|
    |v2_V_fu_3307_p3                     |    select|   0|  0|  13|           1|          13|
    |x_V_19_fu_1115_p3                   |    select|   0|  0|  13|           1|          13|
    |x_V_20_fu_1584_p3                   |    select|   0|  0|  13|           1|          13|
    |x_V_27_fu_2468_p3                   |    select|   0|  0|  13|           1|          13|
    |x_V_30_fu_3258_p3                   |    select|   0|  0|  13|           1|          13|
    |x_V_31_fu_2614_p3                   |    select|   0|  0|  13|           1|          13|
    |y_V_101_fu_1561_p3                  |    select|   0|  0|  26|           1|          26|
    |y_V_107_fu_1718_p3                  |    select|   0|  0|  26|           1|          26|
    |y_V_109_fu_1758_p3                  |    select|   0|  0|  26|           1|          26|
    |y_V_110_fu_1781_p3                  |    select|   0|  0|  13|           1|          13|
    |y_V_113_fu_2163_p3                  |    select|   0|  0|  26|           1|          26|
    |y_V_115_fu_2359_p3                  |    select|   0|  0|  26|           1|          26|
    |y_V_119_fu_2221_p3                  |    select|   0|  0|  26|           1|          26|
    |y_V_121_fu_2404_p3                  |    select|   0|  0|  26|           1|          26|
    |y_V_124_fu_2279_p3                  |    select|   0|  0|  26|           1|          26|
    |y_V_126_fu_2445_p3                  |    select|   0|  0|  26|           1|          26|
    |y_V_133_fu_2910_p3                  |    select|   0|  0|  26|           1|          26|
    |y_V_135_fu_2928_p3                  |    select|   0|  0|  26|           1|          26|
    |y_V_139_fu_3127_p3                  |    select|   0|  0|  26|           1|          26|
    |y_V_141_fu_3235_p3                  |    select|   0|  0|  26|           1|          26|
    |y_V_146_fu_2526_p3                  |    select|   0|  0|  26|           1|          26|
    |y_V_148_fu_2591_p3                  |    select|   0|  0|  26|           1|          26|
    |y_V_152_fu_3185_p3                  |    select|   0|  0|  26|           1|          26|
    |y_V_154_fu_3276_p3                  |    select|   0|  0|  26|           1|          26|
    |y_V_155_fu_1156_p3                  |    select|   0|  0|  13|           1|          13|
    |y_V_156_fu_1201_p3                  |    select|   0|  0|  13|           1|          13|
    |y_V_157_fu_1074_p3                  |    select|   0|  0|  13|           1|          13|
    |y_V_158_fu_1543_p3                  |    select|   0|  0|  13|           1|          13|
    |y_V_159_fu_2427_p3                  |    select|   0|  0|  13|           1|          13|
    |y_V_160_fu_2382_p3                  |    select|   0|  0|  13|           1|          13|
    |y_V_60_fu_405_p3                    |    select|   0|  0|  26|           1|          26|
    |y_V_62_fu_487_p3                    |    select|   0|  0|  26|           1|          26|
    |y_V_65_fu_463_p3                    |    select|   0|  0|  26|           1|          26|
    |y_V_67_fu_532_p3                    |    select|   0|  0|  26|           1|          26|
    |y_V_68_fu_555_p3                    |    select|   0|  0|  13|           1|          13|
    |y_V_71_fu_853_p3                    |    select|   0|  0|  26|           1|          26|
    |y_V_73_fu_1051_p3                   |    select|   0|  0|  26|           1|          26|
    |y_V_74_fu_510_p3                    |    select|   0|  0|  13|           1|          13|
    |y_V_77_fu_911_p3                    |    select|   0|  0|  26|           1|          26|
    |y_V_79_fu_1092_p3                   |    select|   0|  0|  26|           1|          26|
    |y_V_82_fu_969_p3                    |    select|   0|  0|  26|           1|          26|
    |y_V_84_fu_1133_p3                   |    select|   0|  0|  26|           1|          26|
    |y_V_88_fu_1444_p3                   |    select|   0|  0|  26|           1|          26|
    |y_V_90_fu_1520_p3                   |    select|   0|  0|  26|           1|          26|
    |y_V_93_fu_1027_p3                   |    select|   0|  0|  26|           1|          26|
    |y_V_95_fu_1178_p3                   |    select|   0|  0|  26|           1|          26|
    |y_V_99_fu_1502_p3                   |    select|   0|  0|  26|           1|          26|
    |ap_enable_pp0                       |       xor|   0|  0|   2|           1|           2|
    |ap_enable_reg_pp0_iter1             |       xor|   0|  0|   2|           2|           1|
    |xor_ln870_1_fu_1885_p2              |       xor|   0|  0|   2|           1|           2|
    |xor_ln870_fu_1867_p2                |       xor|   0|  0|   2|           1|           2|
    +------------------------------------+----------+----+---+----+------------+------------+
    |Total                               |          |   0|  0|6322|        4587|        4600|
    +------------------------------------+----------+----+---+----+------------+------------+

    * Multiplexer: 
    +--------------------------+----+-----------+-----+-----------+
    |           Name           | LUT| Input Size| Bits| Total Bits|
    +--------------------------+----+-----------+-----+-----------+
    |BFIFO_2_blk_n             |   9|          2|    1|          2|
    |CFIFO_blk_n               |   9|          2|    1|          2|
    |ap_NS_fsm                 |  20|          4|    1|          4|
    |ap_done                   |   9|          2|    1|          2|
    |ap_enable_reg_pp0_iter1   |   9|          2|    1|          2|
    |ap_enable_reg_pp0_iter33  |   9|          2|    1|          2|
    |i_reg_133                 |   9|          2|   13|         26|
    |num_padd_ops_blk_n        |   9|          2|    1|          2|
    +--------------------------+----+-----------+-----+-----------+
    |Total                     |  83|         18|   20|         42|
    +--------------------------+----+-----------+-----+-----------+

    * Register: 
    +------------------------------+----+----+-----+-----------+
    |             Name             | FF | LUT| Bits| Const Bits|
    +------------------------------+----+----+-----+-----------+
    |H_V_reg_3778                  |  13|   0|   13|          0|
    |Part2_V_reg_3551              |  13|   0|   13|          0|
    |add_ln213_52_reg_3772         |  13|   0|   13|          0|
    |add_ln213_53_reg_3871         |  13|   0|   13|          0|
    |and_ln52_reg_3920             |   1|   0|    1|          0|
    |ap_CS_fsm                     |   3|   0|    3|          0|
    |ap_done_reg                   |   1|   0|    1|          0|
    |ap_enable_reg_pp0_iter0       |   1|   0|    1|          0|
    |ap_enable_reg_pp0_iter1       |   1|   0|    1|          0|
    |ap_enable_reg_pp0_iter10      |   1|   0|    1|          0|
    |ap_enable_reg_pp0_iter11      |   1|   0|    1|          0|
    |ap_enable_reg_pp0_iter12      |   1|   0|    1|          0|
    |ap_enable_reg_pp0_iter13      |   1|   0|    1|          0|
    |ap_enable_reg_pp0_iter14      |   1|   0|    1|          0|
    |ap_enable_reg_pp0_iter15      |   1|   0|    1|          0|
    |ap_enable_reg_pp0_iter16      |   1|   0|    1|          0|
    |ap_enable_reg_pp0_iter17      |   1|   0|    1|          0|
    |ap_enable_reg_pp0_iter18      |   1|   0|    1|          0|
    |ap_enable_reg_pp0_iter19      |   1|   0|    1|          0|
    |ap_enable_reg_pp0_iter2       |   1|   0|    1|          0|
    |ap_enable_reg_pp0_iter20      |   1|   0|    1|          0|
    |ap_enable_reg_pp0_iter21      |   1|   0|    1|          0|
    |ap_enable_reg_pp0_iter22      |   1|   0|    1|          0|
    |ap_enable_reg_pp0_iter23      |   1|   0|    1|          0|
    |ap_enable_reg_pp0_iter24      |   1|   0|    1|          0|
    |ap_enable_reg_pp0_iter25      |   1|   0|    1|          0|
    |ap_enable_reg_pp0_iter26      |   1|   0|    1|          0|
    |ap_enable_reg_pp0_iter27      |   1|   0|    1|          0|
    |ap_enable_reg_pp0_iter28      |   1|   0|    1|          0|
    |ap_enable_reg_pp0_iter29      |   1|   0|    1|          0|
    |ap_enable_reg_pp0_iter3       |   1|   0|    1|          0|
    |ap_enable_reg_pp0_iter30      |   1|   0|    1|          0|
    |ap_enable_reg_pp0_iter31      |   1|   0|    1|          0|
    |ap_enable_reg_pp0_iter32      |   1|   0|    1|          0|
    |ap_enable_reg_pp0_iter33      |   1|   0|    1|          0|
    |ap_enable_reg_pp0_iter4       |   1|   0|    1|          0|
    |ap_enable_reg_pp0_iter5       |   1|   0|    1|          0|
    |ap_enable_reg_pp0_iter6       |   1|   0|    1|          0|
    |ap_enable_reg_pp0_iter7       |   1|   0|    1|          0|
    |ap_enable_reg_pp0_iter8       |   1|   0|    1|          0|
    |ap_enable_reg_pp0_iter9       |   1|   0|    1|          0|
    |i_reg_133                     |  13|   0|   13|          0|
    |icmp_ln870_2_reg_3790         |   1|   0|    1|          0|
    |icmp_ln870_reg_3913           |   1|   0|    1|          0|
    |icmp_ln878_11_reg_4069        |   1|   0|    1|          0|
    |icmp_ln878_13_reg_3908        |   1|   0|    1|          0|
    |icmp_ln878_reg_3500           |   1|   0|    1|          0|
    |num_padd_ops_read_reg_3490    |  13|   0|   13|          0|
    |or_ln52_1_reg_3927            |   1|   0|    1|          0|
    |or_ln52_3_reg_3934            |   1|   0|    1|          0|
    |ret_V_10_reg_3947             |  26|   0|   26|          0|
    |ret_V_12_reg_3952             |  26|   0|   26|          0|
    |ret_V_13_reg_3968             |  26|   0|   26|          0|
    |ret_V_15_reg_4118             |  26|   0|   26|          0|
    |ret_V_17_reg_4157             |  26|   0|   26|          0|
    |ret_V_19_reg_4016             |  26|   0|   26|          0|
    |ret_V_1_reg_3571              |  26|   0|   26|          0|
    |ret_V_20_reg_4173             |  26|   0|   26|          0|
    |ret_V_2_reg_3661              |  26|   0|   26|          0|
    |ret_V_3_reg_3651              |  26|   0|   26|          0|
    |ret_V_4_reg_3656              |  26|   0|   26|          0|
    |ret_V_5_reg_3795              |  26|   0|   26|          0|
    |ret_V_6_reg_3646              |  26|   0|   26|          0|
    |ret_V_7_reg_3811              |  26|   0|   26|          0|
    |ret_V_9_reg_3855              |  26|   0|   26|          0|
    |ret_V_reg_3566                |  26|   0|   26|          0|
    |select_ln26_reg_4151          |  13|   0|   13|          0|
    |select_ln52_11_reg_4096       |  13|   0|   13|          0|
    |select_ln52_3_reg_4086        |  13|   0|   13|          0|
    |select_ln52_7_reg_4091        |  13|   0|   13|          0|
    |t_V_10_reg_3800               |  14|   0|   14|          0|
    |t_V_11_reg_3699               |  14|   0|   14|          0|
    |t_V_12_reg_3816               |  14|   0|   14|          0|
    |t_V_13_reg_3860               |  14|   0|   14|          0|
    |t_V_14_reg_3957               |  14|   0|   14|          0|
    |t_V_15_reg_3973               |  14|   0|   14|          0|
    |t_V_16_reg_3984               |  14|   0|   14|          0|
    |t_V_17_reg_4128               |  14|   0|   14|          0|
    |t_V_18_reg_4162               |  14|   0|   14|          0|
    |t_V_19_reg_4021               |  14|   0|   14|          0|
    |t_V_20_reg_4178               |  14|   0|   14|          0|
    |t_V_6_reg_3587                |  14|   0|   14|          0|
    |t_V_7_reg_3666                |  14|   0|   14|          0|
    |t_V_8_reg_3677                |  14|   0|   14|          0|
    |t_V_9_reg_3688                |  14|   0|   14|          0|
    |t_V_reg_3576                  |  14|   0|   14|          0|
    |tmpVal1_V_reg_3504            |   4|   0|    4|          0|
    |tmpVal2_V_1_reg_3516          |  13|   0|   13|          0|
    |tmpVal2_V_2_reg_3523          |  13|   0|   13|          0|
    |tmpVal2_V_3_reg_3539          |  13|   0|   13|          0|
    |tmpVal2_V_4_reg_3545          |  13|   0|   13|          0|
    |tmpVal2_V_reg_3509            |  13|   0|   13|          0|
    |trunc_ln1497_50_reg_3593      |  13|   0|   13|          0|
    |trunc_ln1497_51_reg_3672      |  13|   0|   13|          0|
    |trunc_ln1497_52_reg_3683      |  13|   0|   13|          0|
    |trunc_ln1497_53_reg_3694      |  13|   0|   13|          0|
    |trunc_ln1497_54_reg_3806      |  13|   0|   13|          0|
    |trunc_ln1497_55_reg_3705      |  13|   0|   13|          0|
    |trunc_ln1497_56_reg_3822      |  13|   0|   13|          0|
    |trunc_ln1497_57_reg_3866      |  13|   0|   13|          0|
    |trunc_ln1497_58_reg_3963      |  13|   0|   13|          0|
    |trunc_ln1497_59_reg_3979      |  13|   0|   13|          0|
    |trunc_ln1497_60_reg_3990      |  13|   0|   13|          0|
    |trunc_ln1497_61_reg_4134      |  13|   0|   13|          0|
    |trunc_ln1497_62_reg_4168      |  13|   0|   13|          0|
    |trunc_ln1497_63_reg_4027      |  13|   0|   13|          0|
    |trunc_ln1497_64_reg_4184      |  13|   0|   13|          0|
    |trunc_ln1497_reg_3582         |  13|   0|   13|          0|
    |v2_V_6_reg_4220               |  13|   0|   13|          0|
    |v2_V_7_reg_4113               |  13|   0|   13|          0|
    |v2_V_reg_4215                 |  13|   0|   13|          0|
    |v2_V_reg_4215_pp0_iter32_reg  |  13|   0|   13|          0|
    |x_V_19_reg_3756               |  13|   0|   13|          0|
    |x_V_20_reg_3849               |  13|   0|   13|          0|
    |x_V_27_reg_4056               |  13|   0|   13|          0|
    |x_V_28_reg_4074               |  13|   0|   13|          0|
    |x_V_30_reg_4209               |  13|   0|   13|          0|
    |x_V_31_reg_4080               |  13|   0|   13|          0|
    |x_V_32_reg_4107               |  13|   0|   13|          0|
    |y_V_107_reg_3877              |  26|   0|   26|          0|
    |y_V_113_reg_3995              |  26|   0|   26|          0|
    |y_V_119_reg_4002              |  26|   0|   26|          0|
    |y_V_124_reg_4009              |  26|   0|   26|          0|
    |y_V_133_reg_4144              |  26|   0|   26|          0|
    |y_V_139_reg_4189              |  26|   0|   26|          0|
    |y_V_142_reg_4203              |  13|   0|   13|          0|
    |y_V_146_reg_4062              |  26|   0|   26|          0|
    |y_V_152_reg_4196              |  26|   0|   26|          0|
    |y_V_157_reg_3748              |  13|   0|   13|          0|
    |y_V_158_reg_3841              |  13|   0|   13|          0|
    |y_V_159_reg_4048              |  13|   0|   13|          0|
    |y_V_160_reg_4037              |  13|   0|   13|          0|
    |y_V_161_reg_4101              |  13|   0|   13|          0|
    |y_V_60_reg_3598               |  26|   0|   26|          0|
    |y_V_65_reg_3605               |  26|   0|   26|          0|
    |y_V_68_reg_3634               |  13|   0|   13|          0|
    |y_V_71_reg_3710               |  26|   0|   26|          0|
    |y_V_74_reg_3622               |  13|   0|   13|          0|
    |y_V_77_reg_3717               |  26|   0|   26|          0|
    |y_V_82_reg_3724               |  26|   0|   26|          0|
    |y_V_88_reg_3827               |  26|   0|   26|          0|
    |y_V_93_reg_3731               |  26|   0|   26|          0|
    |y_V_99_reg_3834               |  26|   0|   26|          0|
    |zext_ln1345_11_reg_3889       |  13|   0|   26|         13|
    |zext_ln1345_14_reg_3901       |  13|   0|   26|         13|
    |zext_ln1345_7_reg_3559        |  13|   0|   26|         13|
    |zext_ln1345_reg_3532          |  13|   0|   26|         13|
    |H_V_reg_3778                  |  64|  32|   13|          0|
    |Part2_V_reg_3551              |  64|  32|   13|          0|
    |and_ln52_reg_3920             |  64|  32|    1|          0|
    |icmp_ln870_2_reg_3790         |  64|  32|    1|          0|
    |icmp_ln870_reg_3913           |  64|  32|    1|          0|
    |icmp_ln878_reg_3500           |  64|  32|    1|          0|
    |or_ln52_1_reg_3927            |  64|  32|    1|          0|
    |or_ln52_3_reg_3934            |  64|  32|    1|          0|
    |select_ln26_reg_4151          |  64|  32|   13|          0|
    |select_ln52_3_reg_4086        |  64|  32|   13|          0|
    |select_ln52_7_reg_4091        |  64|  32|   13|          0|
    |tmpVal1_V_reg_3504            |  64|  32|    4|          0|
    |tmpVal2_V_1_reg_3516          |  64|  32|   13|          0|
    |tmpVal2_V_2_reg_3523          |  64|  32|   13|          0|
    |tmpVal2_V_3_reg_3539          |  64|  32|   13|          0|
    |tmpVal2_V_4_reg_3545          |  64|  32|   13|          0|
    |tmpVal2_V_reg_3509            |  64|  32|   13|          0|
    |v2_V_7_reg_4113               |  64|  32|   13|          0|
    |y_V_157_reg_3748              |  64|  32|   13|          0|
    |y_V_158_reg_3841              |  64|  32|   13|          0|
    |y_V_159_reg_4048              |  64|  32|   13|          0|
    |y_V_68_reg_3634               |  64|  32|   13|          0|
    |y_V_74_reg_3622               |  64|  32|   13|          0|
    |zext_ln1345_11_reg_3889       |  64|  32|   26|         13|
    |zext_ln1345_14_reg_3901       |  64|  32|   26|         13|
    |zext_ln1345_7_reg_3559        |  64|  32|   26|         13|
    |zext_ln1345_reg_3532          |  64|  32|   26|         13|
    +------------------------------+----+----+-----+-----------+
    |Total                         |3536| 864| 2182|        104|
    +------------------------------+----+----+-----+-----------+



================================================================
== Interface
================================================================
* Summary: 
+----------------------+-----+-----+------------+--------------------------------------------+--------------+
|       RTL Ports      | Dir | Bits|  Protocol  |                Source Object               |    C Type    |
+----------------------+-----+-----+------------+--------------------------------------------+--------------+
|ap_clk                |   in|    1|  ap_ctrl_hs|  bucket_unit_sr_Loop_VITIS_LOOP_327_5_proc8|  return value|
|ap_rst                |   in|    1|  ap_ctrl_hs|  bucket_unit_sr_Loop_VITIS_LOOP_327_5_proc8|  return value|
|ap_start              |   in|    1|  ap_ctrl_hs|  bucket_unit_sr_Loop_VITIS_LOOP_327_5_proc8|  return value|
|ap_done               |  out|    1|  ap_ctrl_hs|  bucket_unit_sr_Loop_VITIS_LOOP_327_5_proc8|  return value|
|ap_continue           |   in|    1|  ap_ctrl_hs|  bucket_unit_sr_Loop_VITIS_LOOP_327_5_proc8|  return value|
|ap_idle               |  out|    1|  ap_ctrl_hs|  bucket_unit_sr_Loop_VITIS_LOOP_327_5_proc8|  return value|
|ap_ready              |  out|    1|  ap_ctrl_hs|  bucket_unit_sr_Loop_VITIS_LOOP_327_5_proc8|  return value|
|num_padd_ops_dout     |   in|   13|     ap_fifo|                                num_padd_ops|       pointer|
|num_padd_ops_empty_n  |   in|    1|     ap_fifo|                                num_padd_ops|       pointer|
|num_padd_ops_read     |  out|    1|     ap_fifo|                                num_padd_ops|       pointer|
|BFIFO_2_din           |  out|   43|     ap_fifo|                                     BFIFO_2|       pointer|
|BFIFO_2_full_n        |   in|    1|     ap_fifo|                                     BFIFO_2|       pointer|
|BFIFO_2_write         |  out|    1|     ap_fifo|                                     BFIFO_2|       pointer|
|CFIFO_dout            |   in|   82|     ap_fifo|                                       CFIFO|       pointer|
|CFIFO_empty_n         |   in|    1|     ap_fifo|                                       CFIFO|       pointer|
|CFIFO_read            |  out|    1|     ap_fifo|                                       CFIFO|       pointer|
+----------------------+-----+-----+------------+--------------------------------------------+--------------+

