

================================================================
== Vitis HLS Report for 'padd'
================================================================
* Date:           Sun Aug  7 04:21:33 2022

* Version:        2020.2 (Build 3064766 on Wed Nov 18 09:12:47 MST 2020)
* Project:        hls_msm_32w_13bit
* Solution:       solution1 (Vivado IP Flow Target)
* Product family: virtexuplus
* Target device:  xcvu9p-flga2104-2-i


================================================================
== Performance Estimates
================================================================
+ Timing: 
    * Summary: 
    +--------+---------+----------+------------+
    |  Clock |  Target | Estimated| Uncertainty|
    +--------+---------+----------+------------+
    |ap_clk  |  4.00 ns|  2.833 ns|     1.08 ns|
    +--------+---------+----------+------------+

+ Latency: 
    * Summary: 
    +---------+---------+----------+----------+-----+-----+---------+
    |  Latency (cycles) |  Latency (absolute) |  Interval | Pipeline|
    |   min   |   max   |    min   |    max   | min | max |   Type  |
    +---------+---------+----------+----------+-----+-----+---------+
    |       31|       31|  0.124 us|  0.124 us|    1|    1|      yes|
    +---------+---------+----------+----------+-----+-----+---------+

    + Detail: 
        * Instance: 
        +-------------------+---------+---------+---------+-----------+-----------+-----+-----+---------+
        |                   |         |  Latency (cycles) |   Latency (absolute)  |  Interval | Pipeline|
        |      Instance     |  Module |   min   |   max   |    min    |    max    | min | max |   Type  |
        +-------------------+---------+---------+---------+-----------+-----------+-----+-----+---------+
        |grp_pdouble_fu_94  |pdouble  |       22|       22|  88.000 ns|  88.000 ns|    1|    1|      yes|
        +-------------------+---------+---------+---------+-----------+-----------+-----+-----+---------+

        * Loop: 
        N/A



================================================================
== Utilization Estimates
================================================================
* Summary: 
+---------------------+---------+------+---------+---------+-----+
|         Name        | BRAM_18K|  DSP |    FF   |   LUT   | URAM|
+---------------------+---------+------+---------+---------+-----+
|DSP                  |        -|    16|        -|        -|    -|
|Expression           |        -|     -|        0|     6278|    -|
|FIFO                 |        -|     -|        -|        -|    -|
|Instance             |        -|     7|     1217|     3069|    -|
|Memory               |        -|     -|        -|        -|    -|
|Multiplexer          |        -|     -|        -|       27|    -|
|Register             |        -|     -|     3431|      800|    -|
+---------------------+---------+------+---------+---------+-----+
|Total                |        0|    23|     4648|    10174|    0|
+---------------------+---------+------+---------+---------+-----+
|Available SLR        |     1440|  2280|   788160|   394080|  320|
+---------------------+---------+------+---------+---------+-----+
|Utilization SLR (%)  |        0|     1|       ~0|        2|    0|
+---------------------+---------+------+---------+---------+-----+
|Available            |     4320|  6840|  2364480|  1182240|  960|
+---------------------+---------+------+---------+---------+-----+
|Utilization (%)      |        0|    ~0|       ~0|       ~0|    0|
+---------------------+---------+------+---------+---------+-----+

+ Detail: 
    * Instance: 
    +-------------------+---------+---------+----+------+------+-----+
    |      Instance     |  Module | BRAM_18K| DSP|  FF  |  LUT | URAM|
    +-------------------+---------+---------+----+------+------+-----+
    |grp_pdouble_fu_94  |pdouble  |        0|   7|  1217|  3069|    0|
    +-------------------+---------+---------+----+------+------+-----+
    |Total              |         |        0|   7|  1217|  3069|    0|
    +-------------------+---------+---------+----+------+------+-----+

    * DSP: 
    +------------------------------+--------------------------+-----------+
    |           Instance           |          Module          | Expression|
    +------------------------------+--------------------------+-----------+
    |mul_mul_13ns_13ns_26_4_1_U58  |mul_mul_13ns_13ns_26_4_1  |    i0 * i0|
    |mul_mul_13ns_13ns_26_4_1_U59  |mul_mul_13ns_13ns_26_4_1  |    i0 * i0|
    |mul_mul_13ns_13ns_26_4_1_U60  |mul_mul_13ns_13ns_26_4_1  |    i0 * i1|
    |mul_mul_13ns_13ns_26_4_1_U61  |mul_mul_13ns_13ns_26_4_1  |    i0 * i1|
    |mul_mul_13ns_13ns_26_4_1_U62  |mul_mul_13ns_13ns_26_4_1  |    i0 * i1|
    |mul_mul_13ns_13ns_26_4_1_U63  |mul_mul_13ns_13ns_26_4_1  |    i0 * i1|
    |mul_mul_13ns_13ns_26_4_1_U64  |mul_mul_13ns_13ns_26_4_1  |    i0 * i1|
    |mul_mul_13ns_13ns_26_4_1_U65  |mul_mul_13ns_13ns_26_4_1  |    i0 * i1|
    |mul_mul_13ns_13ns_26_4_1_U66  |mul_mul_13ns_13ns_26_4_1  |    i0 * i0|
    |mul_mul_13ns_13ns_26_4_1_U67  |mul_mul_13ns_13ns_26_4_1  |    i0 * i1|
    |mul_mul_13ns_13ns_26_4_1_U68  |mul_mul_13ns_13ns_26_4_1  |    i0 * i1|
    |mul_mul_13ns_13ns_26_4_1_U69  |mul_mul_13ns_13ns_26_4_1  |    i0 * i0|
    |mul_mul_13ns_13ns_26_4_1_U70  |mul_mul_13ns_13ns_26_4_1  |    i0 * i0|
    |mul_mul_13ns_13ns_26_4_1_U71  |mul_mul_13ns_13ns_26_4_1  |    i0 * i1|
    |mul_mul_13ns_13ns_26_4_1_U72  |mul_mul_13ns_13ns_26_4_1  |    i0 * i1|
    |mul_mul_13ns_13ns_26_4_1_U73  |mul_mul_13ns_13ns_26_4_1  |    i0 * i1|
    +------------------------------+--------------------------+-----------+

    * Memory: 
    N/A

    * FIFO: 
    N/A

    * Expression: 
    +----------------------------+----------+----+---+----+------------+------------+
    |        Variable Name       | Operation| DSP| FF| LUT| Bitwidth P0| Bitwidth P1|
    +----------------------------+----------+----+---+----+------------+------------+
    |add_ln208_15_fu_210_p2      |         +|   0|  0|  17|          10|          10|
    |add_ln208_17_fu_481_p2      |         +|   0|  0|  17|          10|          10|
    |add_ln208_19_fu_540_p2      |         +|   0|  0|  17|          10|          10|
    |add_ln208_21_fu_599_p2      |         +|   0|  0|  17|          10|          10|
    |add_ln208_23_fu_1190_p2     |         +|   0|  0|  17|          10|          10|
    |add_ln208_25_fu_658_p2      |         +|   0|  0|  17|          10|          10|
    |add_ln208_27_fu_1249_p2     |         +|   0|  0|  17|          10|          10|
    |add_ln208_29_fu_1506_p2     |         +|   0|  0|  17|          10|          10|
    |add_ln208_31_fu_1850_p2     |         +|   0|  0|  17|          10|          10|
    |add_ln208_33_fu_1909_p2     |         +|   0|  0|  17|          10|          10|
    |add_ln208_35_fu_1968_p2     |         +|   0|  0|  17|          10|          10|
    |add_ln208_37_fu_2685_p2     |         +|   0|  0|  17|          10|          10|
    |add_ln208_39_fu_2873_p2     |         +|   0|  0|  17|          10|          10|
    |add_ln208_41_fu_2201_p2     |         +|   0|  0|  17|          10|          10|
    |add_ln208_43_fu_2932_p2     |         +|   0|  0|  17|          10|          10|
    |add_ln208_fu_151_p2         |         +|   0|  0|  17|          10|          10|
    |add_ln213_30_fu_314_p2      |         +|   0|  0|  26|          26|          26|
    |add_ln213_33_fu_704_p2      |         +|   0|  0|  26|          26|          26|
    |add_ln213_36_fu_762_p2      |         +|   0|  0|  26|          26|          26|
    |add_ln213_39_fu_820_p2      |         +|   0|  0|  26|          26|          26|
    |add_ln213_42_fu_1295_p2     |         +|   0|  0|  26|          26|          26|
    |add_ln213_45_fu_878_p2      |         +|   0|  0|  26|          26|          26|
    |add_ln213_48_fu_1353_p2     |         +|   0|  0|  26|          26|          26|
    |add_ln213_51_fu_1100_p2     |         +|   0|  0|  20|          13|          13|
    |add_ln213_52_fu_1538_p2     |         +|   0|  0|  20|          13|          13|
    |add_ln213_53_fu_1569_p2     |         +|   0|  0|  26|          26|          26|
    |add_ln213_56_fu_2014_p2     |         +|   0|  0|  26|          26|          26|
    |add_ln213_59_fu_2072_p2     |         +|   0|  0|  26|          26|          26|
    |add_ln213_62_fu_2130_p2     |         +|   0|  0|  26|          26|          26|
    |add_ln213_68_fu_2761_p2     |         +|   0|  0|  26|          26|          26|
    |add_ln213_71_fu_2978_p2     |         +|   0|  0|  26|          26|          26|
    |add_ln213_75_fu_1790_p2     |         +|   0|  0|  26|          13|          13|
    |add_ln213_76_fu_2377_p2     |         +|   0|  0|  26|          26|          26|
    |add_ln213_81_fu_3036_p2     |         +|   0|  0|  26|          26|          26|
    |add_ln213_fu_256_p2         |         +|   0|  0|  26|          26|          26|
    |add_ln26_10_fu_1019_p2      |         +|   0|  0|  20|          13|           9|
    |add_ln26_11_fu_1412_p2      |         +|   0|  0|  20|          13|           9|
    |add_ln26_12_fu_1067_p2      |         +|   0|  0|  20|          13|           9|
    |add_ln26_13_fu_1453_p2      |         +|   0|  0|  20|          13|           9|
    |add_ln26_14_fu_1632_p2      |         +|   0|  0|  20|          13|           9|
    |add_ln26_15_fu_2248_p2      |         +|   0|  0|  20|          13|           9|
    |add_ln26_16_fu_2289_p2      |         +|   0|  0|  20|          13|           9|
    |add_ln26_17_fu_2330_p2      |         +|   0|  0|  20|          13|           9|
    |add_ln26_18_fu_2820_p2      |         +|   0|  0|  20|          13|           9|
    |add_ln26_19_fu_3127_p2      |         +|   0|  0|  20|          13|           9|
    |add_ln26_20_fu_2483_p2      |         +|   0|  0|  20|          13|           9|
    |add_ln26_21_fu_3168_p2      |         +|   0|  0|  20|          13|           9|
    |add_ln26_7_fu_414_p2        |         +|   0|  0|  20|          13|           9|
    |add_ln26_8_fu_937_p2        |         +|   0|  0|  20|          13|           9|
    |add_ln26_9_fu_978_p2        |         +|   0|  0|  20|          13|           9|
    |add_ln26_fu_373_p2          |         +|   0|  0|  20|          13|           9|
    |b_V_fu_3204_p2              |         +|   0|  0|  26|          13|          13|
    |ret_33_fu_1700_p2           |         +|   0|  0|  21|          14|          14|
    |t_V_10_fu_668_p2            |         +|   0|  0|  21|          14|          14|
    |t_V_11_fu_1259_p2           |         +|   0|  0|  21|          14|          14|
    |t_V_12_fu_1516_p2           |         +|   0|  0|  21|          14|          14|
    |t_V_13_fu_1860_p2           |         +|   0|  0|  21|          14|          14|
    |t_V_14_fu_1919_p2           |         +|   0|  0|  21|          14|          14|
    |t_V_15_fu_1978_p2           |         +|   0|  0|  21|          14|          14|
    |t_V_16_fu_2695_p2           |         +|   0|  0|  21|          14|          14|
    |t_V_17_fu_2883_p2           |         +|   0|  0|  21|          14|          14|
    |t_V_18_fu_2211_p2           |         +|   0|  0|  21|          14|          14|
    |t_V_19_fu_2942_p2           |         +|   0|  0|  21|          14|          14|
    |t_V_6_fu_491_p2             |         +|   0|  0|  21|          14|          14|
    |t_V_7_fu_550_p2             |         +|   0|  0|  21|          14|          14|
    |t_V_8_fu_609_p2             |         +|   0|  0|  21|          14|          14|
    |t_V_9_fu_1200_p2            |         +|   0|  0|  21|          14|          14|
    |t_V_fu_220_p2               |         +|   0|  0|  21|          14|          14|
    |t_fu_161_p2                 |         +|   0|  0|  21|          14|          14|
    |x_V_21_fu_2450_p2           |         +|   0|  0|  26|          13|          13|
    |x_V_26_fu_2612_p2           |         +|   0|  0|  26|          13|          13|
    |x_V_27_fu_2725_p2           |         +|   0|  0|  26|          13|          13|
    |y_V_100_fu_1431_p2          |         +|   0|  0|  33|          26|          14|
    |y_V_106_fu_1587_p2          |         +|   0|  0|  33|          26|          14|
    |y_V_108_fu_1610_p2          |         +|   0|  0|  33|          26|          14|
    |y_V_112_fu_2032_p2          |         +|   0|  0|  33|          26|          14|
    |y_V_114_fu_2226_p2          |         +|   0|  0|  33|          26|          14|
    |y_V_118_fu_2090_p2          |         +|   0|  0|  33|          26|          14|
    |y_V_120_fu_2267_p2          |         +|   0|  0|  33|          26|          14|
    |y_V_123_fu_2148_p2          |         +|   0|  0|  33|          26|          14|
    |y_V_125_fu_2308_p2          |         +|   0|  0|  33|          26|          14|
    |y_V_132_fu_2779_p2          |         +|   0|  0|  33|          26|          14|
    |y_V_134_fu_2798_p2          |         +|   0|  0|  33|          26|          14|
    |y_V_136_fu_2640_p2          |         +|   0|  0|  26|          13|          13|
    |y_V_138_fu_2996_p2          |         +|   0|  0|  33|          26|          14|
    |y_V_140_fu_3105_p2          |         +|   0|  0|  33|          26|          14|
    |y_V_144_fu_2395_p2          |         +|   0|  0|  33|          26|          14|
    |y_V_146_fu_2461_p2          |         +|   0|  0|  33|          26|          14|
    |y_V_150_fu_3054_p2          |         +|   0|  0|  33|          26|          14|
    |y_V_152_fu_3146_p2          |         +|   0|  0|  33|          26|          14|
    |y_V_160_fu_2590_p2          |         +|   0|  0|  26|          13|          13|
    |y_V_59_fu_274_p2            |         +|   0|  0|  33|          26|          14|
    |y_V_61_fu_351_p2            |         +|   0|  0|  33|          26|          14|
    |y_V_64_fu_332_p2            |         +|   0|  0|  33|          26|          14|
    |y_V_66_fu_392_p2            |         +|   0|  0|  33|          26|          14|
    |y_V_70_fu_722_p2            |         +|   0|  0|  33|          26|          14|
    |y_V_72_fu_915_p2            |         +|   0|  0|  33|          26|          14|
    |y_V_76_fu_780_p2            |         +|   0|  0|  33|          26|          14|
    |y_V_78_fu_956_p2            |         +|   0|  0|  33|          26|          14|
    |y_V_81_fu_838_p2            |         +|   0|  0|  33|          26|          14|
    |y_V_83_fu_997_p2            |         +|   0|  0|  33|          26|          14|
    |y_V_87_fu_1313_p2           |         +|   0|  0|  33|          26|          14|
    |y_V_89_fu_1390_p2           |         +|   0|  0|  33|          26|          14|
    |y_V_92_fu_896_p2            |         +|   0|  0|  33|          26|          14|
    |y_V_94_fu_1045_p2           |         +|   0|  0|  33|          26|          14|
    |y_V_98_fu_1371_p2           |         +|   0|  0|  33|          26|          14|
    |H_V_fu_1105_p2              |         -|   0|  0|  20|          13|          13|
    |sub_ln213_10_fu_2446_p2     |         -|   0|  0|  26|          13|          13|
    |sub_ln213_13_fu_2608_p2     |         -|   0|  0|  26|          13|          13|
    |sub_ln213_28_fu_251_p2      |         -|   0|  0|  33|          26|          26|
    |sub_ln213_30_fu_309_p2      |         -|   0|  0|  33|          26|          26|
    |sub_ln213_32_fu_699_p2      |         -|   0|  0|  33|          26|          26|
    |sub_ln213_34_fu_757_p2      |         -|   0|  0|  33|          26|          26|
    |sub_ln213_36_fu_815_p2      |         -|   0|  0|  33|          26|          26|
    |sub_ln213_38_fu_1290_p2     |         -|   0|  0|  33|          26|          26|
    |sub_ln213_40_fu_873_p2      |         -|   0|  0|  33|          26|          26|
    |sub_ln213_42_fu_1348_p2     |         -|   0|  0|  33|          26|          26|
    |sub_ln213_47_fu_1564_p2     |         -|   0|  0|  33|          26|          26|
    |sub_ln213_49_fu_2009_p2     |         -|   0|  0|  33|          26|          26|
    |sub_ln213_52_fu_2067_p2     |         -|   0|  0|  33|          26|          26|
    |sub_ln213_54_fu_2125_p2     |         -|   0|  0|  33|          26|          26|
    |sub_ln213_57_fu_2636_p2     |         -|   0|  0|  26|          13|          13|
    |sub_ln213_58_fu_2756_p2     |         -|   0|  0|  33|          26|          26|
    |sub_ln213_61_fu_2973_p2     |         -|   0|  0|  33|          26|          26|
    |sub_ln213_63_fu_3200_p2     |         -|   0|  0|  26|          13|          13|
    |sub_ln213_65_fu_2372_p2     |         -|   0|  0|  33|          26|          26|
    |sub_ln213_67_fu_2721_p2     |         -|   0|  0|  26|          13|          13|
    |sub_ln213_68_fu_3031_p2     |         -|   0|  0|  33|          26|          26|
    |sub_ln213_fu_2585_p2        |         -|   0|  0|  26|          13|          13|
    |t3_V_fu_1601_p2             |         -|   0|  0|  20|          13|          13|
    |x_V_15_fu_1137_p2           |         -|   0|  0|  20|          13|          13|
    |x_V_18_fu_1681_p2           |         -|   0|  0|  20|          13|          13|
    |x_V_24_fu_1801_p2           |         -|   0|  0|  26|          13|          13|
    |y_V_105_fu_1575_p2          |         -|   0|  0|  26|          26|          26|
    |y_V_111_fu_2020_p2          |         -|   0|  0|  26|          26|          26|
    |y_V_117_fu_2078_p2          |         -|   0|  0|  26|          26|          26|
    |y_V_122_fu_2136_p2          |         -|   0|  0|  26|          26|          26|
    |y_V_129_fu_2566_p2          |         -|   0|  0|  20|          13|          13|
    |y_V_131_fu_2767_p2          |         -|   0|  0|  26|          26|          26|
    |y_V_137_fu_2984_p2          |         -|   0|  0|  26|          26|          26|
    |y_V_142_fu_3094_p2          |         -|   0|  0|  20|          13|          13|
    |y_V_143_fu_2383_p2          |         -|   0|  0|  26|          26|          26|
    |y_V_149_fu_3042_p2          |         -|   0|  0|  26|          26|          26|
    |y_V_63_fu_320_p2            |         -|   0|  0|  26|          26|          26|
    |y_V_69_fu_710_p2            |         -|   0|  0|  26|          26|          26|
    |y_V_75_fu_768_p2            |         -|   0|  0|  26|          26|          26|
    |y_V_80_fu_826_p2            |         -|   0|  0|  26|          26|          26|
    |y_V_86_fu_1301_p2           |         -|   0|  0|  26|          26|          26|
    |y_V_91_fu_884_p2            |         -|   0|  0|  26|          26|          26|
    |y_V_97_fu_1359_p2           |         -|   0|  0|  26|          26|          26|
    |y_V_fu_262_p2               |         -|   0|  0|  26|          26|          26|
    |and_ln51_fu_1766_p2         |       and|   0|  0|   2|           1|           1|
    |and_ln53_fu_1737_p2         |       and|   0|  0|   2|           1|           1|
    |and_ln870_fu_1748_p2        |       and|   0|  0|   2|           1|           1|
    |icmp_ln51_fu_1727_p2        |      icmp|   0|  0|  12|          13|           1|
    |icmp_ln870_1_fu_1717_p2     |      icmp|   0|  0|  12|          13|           1|
    |icmp_ln870_2_fu_1147_p2     |      icmp|   0|  0|  12|          13|          13|
    |icmp_ln870_fu_1712_p2       |      icmp|   0|  0|  12|          13|           1|
    |icmp_ln874_fu_1733_p2       |      icmp|   0|  0|  12|          13|          13|
    |icmp_ln878_10_fu_2428_p2    |      icmp|   0|  0|  12|          14|          13|
    |icmp_ln878_11_fu_3075_p2    |      icmp|   0|  0|  12|          14|          13|
    |icmp_ln878_12_fu_1706_p2    |      icmp|   0|  0|  12|          14|          13|
    |icmp_ln878_9_fu_1661_p2     |      icmp|   0|  0|  12|          14|          13|
    |icmp_ln878_fu_1117_p2       |      icmp|   0|  0|  12|          14|          13|
    |icmp_ln882_21_fu_346_p2     |      icmp|   0|  0|  17|          26|          13|
    |icmp_ln882_22_fu_363_p2     |      icmp|   0|  0|  17|          26|          13|
    |icmp_ln882_23_fu_326_p2     |      icmp|   0|  0|  17|          26|          13|
    |icmp_ln882_24_fu_387_p2     |      icmp|   0|  0|  17|          26|          13|
    |icmp_ln882_25_fu_404_p2     |      icmp|   0|  0|  17|          26|          13|
    |icmp_ln882_26_fu_716_p2     |      icmp|   0|  0|  17|          26|          13|
    |icmp_ln882_27_fu_910_p2     |      icmp|   0|  0|  17|          26|          13|
    |icmp_ln882_28_fu_927_p2     |      icmp|   0|  0|  17|          26|          13|
    |icmp_ln882_29_fu_774_p2     |      icmp|   0|  0|  17|          26|          13|
    |icmp_ln882_30_fu_951_p2     |      icmp|   0|  0|  17|          26|          13|
    |icmp_ln882_31_fu_968_p2     |      icmp|   0|  0|  17|          26|          13|
    |icmp_ln882_32_fu_832_p2     |      icmp|   0|  0|  17|          26|          13|
    |icmp_ln882_33_fu_992_p2     |      icmp|   0|  0|  17|          26|          13|
    |icmp_ln882_34_fu_1009_p2    |      icmp|   0|  0|  17|          26|          13|
    |icmp_ln882_35_fu_1307_p2    |      icmp|   0|  0|  17|          26|          13|
    |icmp_ln882_36_fu_1385_p2    |      icmp|   0|  0|  17|          26|          13|
    |icmp_ln882_37_fu_1402_p2    |      icmp|   0|  0|  17|          26|          13|
    |icmp_ln882_38_fu_890_p2     |      icmp|   0|  0|  17|          26|          13|
    |icmp_ln882_39_fu_1040_p2    |      icmp|   0|  0|  17|          26|          13|
    |icmp_ln882_40_fu_1057_p2    |      icmp|   0|  0|  17|          26|          13|
    |icmp_ln882_41_fu_1365_p2    |      icmp|   0|  0|  17|          26|          13|
    |icmp_ln882_42_fu_1426_p2    |      icmp|   0|  0|  17|          26|          13|
    |icmp_ln882_43_fu_1443_p2    |      icmp|   0|  0|  17|          26|          13|
    |icmp_ln882_44_fu_1581_p2    |      icmp|   0|  0|  17|          26|          13|
    |icmp_ln882_45_fu_1605_p2    |      icmp|   0|  0|  17|          26|          13|
    |icmp_ln882_46_fu_1622_p2    |      icmp|   0|  0|  17|          26|          13|
    |icmp_ln882_47_fu_2026_p2    |      icmp|   0|  0|  17|          26|          13|
    |icmp_ln882_48_fu_2221_p2    |      icmp|   0|  0|  17|          26|          13|
    |icmp_ln882_49_fu_2238_p2    |      icmp|   0|  0|  17|          26|          13|
    |icmp_ln882_50_fu_2084_p2    |      icmp|   0|  0|  17|          26|          13|
    |icmp_ln882_51_fu_2262_p2    |      icmp|   0|  0|  17|          26|          13|
    |icmp_ln882_52_fu_2279_p2    |      icmp|   0|  0|  17|          26|          13|
    |icmp_ln882_53_fu_2142_p2    |      icmp|   0|  0|  17|          26|          13|
    |icmp_ln882_54_fu_2303_p2    |      icmp|   0|  0|  17|          26|          13|
    |icmp_ln882_55_fu_2320_p2    |      icmp|   0|  0|  17|          26|          13|
    |icmp_ln882_56_fu_2773_p2    |      icmp|   0|  0|  17|          26|          13|
    |icmp_ln882_57_fu_2793_p2    |      icmp|   0|  0|  17|          26|          13|
    |icmp_ln882_58_fu_2810_p2    |      icmp|   0|  0|  17|          26|          13|
    |icmp_ln882_59_fu_2990_p2    |      icmp|   0|  0|  17|          26|          13|
    |icmp_ln882_60_fu_3100_p2    |      icmp|   0|  0|  17|          26|          13|
    |icmp_ln882_61_fu_3117_p2    |      icmp|   0|  0|  17|          26|          13|
    |icmp_ln882_62_fu_2389_p2    |      icmp|   0|  0|  17|          26|          13|
    |icmp_ln882_63_fu_2456_p2    |      icmp|   0|  0|  17|          26|          13|
    |icmp_ln882_64_fu_2473_p2    |      icmp|   0|  0|  17|          26|          13|
    |icmp_ln882_65_fu_3048_p2    |      icmp|   0|  0|  17|          26|          13|
    |icmp_ln882_66_fu_3141_p2    |      icmp|   0|  0|  17|          26|          13|
    |icmp_ln882_67_fu_3158_p2    |      icmp|   0|  0|  17|          26|          13|
    |icmp_ln882_fu_268_p2        |      icmp|   0|  0|  17|          26|          13|
    |icmp_ln886_10_fu_2596_p2    |      icmp|   0|  0|  12|          13|          13|
    |icmp_ln886_11_fu_2709_p2    |      icmp|   0|  0|  12|          13|          13|
    |icmp_ln886_5_fu_1526_p2     |      icmp|   0|  0|  12|          13|          13|
    |icmp_ln886_6_fu_2434_p2     |      icmp|   0|  0|  12|          13|          13|
    |icmp_ln886_7_fu_2572_p2     |      icmp|   0|  0|  12|          13|          13|
    |icmp_ln886_8_fu_2624_p2     |      icmp|   0|  0|  12|          13|          13|
    |icmp_ln886_9_fu_3188_p2     |      icmp|   0|  0|  12|          13|          13|
    |icmp_ln886_fu_1088_p2       |      icmp|   0|  0|  12|          13|          13|
    |or_ln51_1_fu_1772_p2        |        or|   0|  0|   2|           1|           1|
    |or_ln51_2_fu_1778_p2        |        or|   0|  0|   2|           1|           1|
    |or_ln51_3_fu_1784_p2        |        or|   0|  0|   2|           1|           1|
    |or_ln51_fu_1722_p2          |        or|   0|  0|  13|          13|          13|
    |or_ln870_fu_1754_p2         |        or|   0|  0|   2|           1|           1|
    |select_ln213_14_fu_1530_p3  |    select|   0|  0|  10|           1|           1|
    |select_ln213_15_fu_1129_p3  |    select|   0|  0|  10|           1|           1|
    |select_ln213_16_fu_1673_p3  |    select|   0|  0|  10|           1|           1|
    |select_ln213_17_fu_2559_p3  |    select|   0|  0|  10|           1|           1|
    |select_ln213_18_fu_2438_p3  |    select|   0|  0|  10|           1|           1|
    |select_ln213_19_fu_2577_p3  |    select|   0|  0|  10|           1|           1|
    |select_ln213_20_fu_2628_p3  |    select|   0|  0|  10|           1|           1|
    |select_ln213_21_fu_3086_p3  |    select|   0|  0|  10|           1|           1|
    |select_ln213_22_fu_3192_p3  |    select|   0|  0|  10|           1|           1|
    |select_ln213_23_fu_1794_p3  |    select|   0|  0|  10|           1|           1|
    |select_ln213_24_fu_2600_p3  |    select|   0|  0|  10|           1|           1|
    |select_ln213_25_fu_2713_p3  |    select|   0|  0|  10|           1|           1|
    |select_ln213_fu_1092_p3     |    select|   0|  0|  10|           1|           1|
    |select_ln26_fu_2826_p3      |    select|   0|  0|  13|           1|          13|
    |select_ln51_10_fu_3174_p3   |    select|   0|  0|  13|           1|          13|
    |select_ln51_11_fu_2547_p3   |    select|   0|  0|  13|           1|          13|
    |select_ln51_12_fu_3182_p3   |    select|   0|  0|  13|           1|          13|
    |select_ln51_1_fu_2503_p3    |    select|   0|  0|  13|           1|          13|
    |select_ln51_2_fu_2509_p3    |    select|   0|  0|  13|           1|          13|
    |select_ln51_3_fu_2618_p3    |    select|   0|  0|  13|           1|          13|
    |select_ln51_4_fu_2516_p3    |    select|   0|  0|  13|           1|          13|
    |select_ln51_5_fu_2522_p3    |    select|   0|  0|  13|           1|          13|
    |select_ln51_6_fu_2528_p3    |    select|   0|  0|  13|           1|          13|
    |select_ln51_7_fu_3210_p3    |    select|   0|  0|  13|           1|          13|
    |select_ln51_8_fu_2535_p3    |    select|   0|  0|  13|           1|          13|
    |select_ln51_9_fu_2541_p3    |    select|   0|  0|  13|           1|          13|
    |select_ln51_fu_2497_p3      |    select|   0|  0|  13|           1|          13|
    |x_V_13_fu_1459_p3           |    select|   0|  0|  13|           1|          13|
    |x_V_20_fu_2336_p3           |    select|   0|  0|  13|           1|          13|
    |x_V_23_fu_3133_p3           |    select|   0|  0|  13|           1|          13|
    |x_V_25_fu_2489_p3           |    select|   0|  0|  13|           1|          13|
    |x_V_fu_984_p3               |    select|   0|  0|  13|           1|          13|
    |y_V_101_fu_1436_p3          |    select|   0|  0|  26|           1|          26|
    |y_V_107_fu_1593_p3          |    select|   0|  0|  26|           1|          26|
    |y_V_109_fu_1615_p3          |    select|   0|  0|  26|           1|          26|
    |y_V_110_fu_1638_p3          |    select|   0|  0|  13|           1|          13|
    |y_V_113_fu_2038_p3          |    select|   0|  0|  26|           1|          26|
    |y_V_115_fu_2231_p3          |    select|   0|  0|  26|           1|          26|
    |y_V_119_fu_2096_p3          |    select|   0|  0|  26|           1|          26|
    |y_V_121_fu_2272_p3          |    select|   0|  0|  26|           1|          26|
    |y_V_124_fu_2154_p3          |    select|   0|  0|  26|           1|          26|
    |y_V_126_fu_2313_p3          |    select|   0|  0|  26|           1|          26|
    |y_V_133_fu_2785_p3          |    select|   0|  0|  26|           1|          26|
    |y_V_135_fu_2803_p3          |    select|   0|  0|  26|           1|          26|
    |y_V_139_fu_3002_p3          |    select|   0|  0|  26|           1|          26|
    |y_V_141_fu_3110_p3          |    select|   0|  0|  26|           1|          26|
    |y_V_145_fu_2401_p3          |    select|   0|  0|  26|           1|          26|
    |y_V_147_fu_2466_p3          |    select|   0|  0|  26|           1|          26|
    |y_V_151_fu_3060_p3          |    select|   0|  0|  26|           1|          26|
    |y_V_153_fu_3151_p3          |    select|   0|  0|  26|           1|          26|
    |y_V_154_fu_1025_p3          |    select|   0|  0|  13|           1|          13|
    |y_V_155_fu_1073_p3          |    select|   0|  0|  13|           1|          13|
    |y_V_156_fu_943_p3           |    select|   0|  0|  13|           1|          13|
    |y_V_157_fu_1418_p3          |    select|   0|  0|  13|           1|          13|
    |y_V_158_fu_2295_p3          |    select|   0|  0|  13|           1|          13|
    |y_V_159_fu_2254_p3          |    select|   0|  0|  13|           1|          13|
    |y_V_60_fu_280_p3            |    select|   0|  0|  26|           1|          26|
    |y_V_62_fu_356_p3            |    select|   0|  0|  26|           1|          26|
    |y_V_65_fu_338_p3            |    select|   0|  0|  26|           1|          26|
    |y_V_67_fu_397_p3            |    select|   0|  0|  26|           1|          26|
    |y_V_68_fu_420_p3            |    select|   0|  0|  13|           1|          13|
    |y_V_71_fu_728_p3            |    select|   0|  0|  26|           1|          26|
    |y_V_73_fu_920_p3            |    select|   0|  0|  26|           1|          26|
    |y_V_74_fu_379_p3            |    select|   0|  0|  13|           1|          13|
    |y_V_77_fu_786_p3            |    select|   0|  0|  26|           1|          26|
    |y_V_79_fu_961_p3            |    select|   0|  0|  26|           1|          26|
    |y_V_82_fu_844_p3            |    select|   0|  0|  26|           1|          26|
    |y_V_84_fu_1002_p3           |    select|   0|  0|  26|           1|          26|
    |y_V_88_fu_1319_p3           |    select|   0|  0|  26|           1|          26|
    |y_V_90_fu_1395_p3           |    select|   0|  0|  26|           1|          26|
    |y_V_93_fu_902_p3            |    select|   0|  0|  26|           1|          26|
    |y_V_95_fu_1050_p3           |    select|   0|  0|  26|           1|          26|
    |y_V_99_fu_1377_p3           |    select|   0|  0|  26|           1|          26|
    |xor_ln870_1_fu_1760_p2      |       xor|   0|  0|   2|           1|           2|
    |xor_ln870_fu_1742_p2        |       xor|   0|  0|   2|           1|           2|
    +----------------------------+----------+----+---+----+------------+------------+
    |Total                       |          |   0|  0|6278|        4554|        4579|
    +----------------------------+----------+----+---+----+------------+------------+

    * Multiplexer: 
    +-------------+----+-----------+-----+-----------+
    |     Name    | LUT| Input Size| Bits| Total Bits|
    +-------------+----+-----------+-----+-----------+
    |ap_return_0  |   9|          2|   13|         26|
    |ap_return_1  |   9|          2|   13|         26|
    |ap_return_2  |   9|          2|   13|         26|
    +-------------+----+-----------+-----+-----------+
    |Total        |  27|          6|   39|         78|
    +-------------+----+-----------+-----+-----------+

    * Register: 
    +--------------------------+----+----+-----+-----------+
    |           Name           | FF | LUT| Bits| Const Bits|
    +--------------------------+----+----+-----+-----------+
    |H_V_reg_3641              |  13|   0|   13|          0|
    |add_ln213_51_reg_3635     |  13|   0|   13|          0|
    |add_ln213_52_reg_3734     |  13|   0|   13|          0|
    |and_ln51_reg_3783         |   1|   0|    1|          0|
    |ap_ce_reg                 |   1|   0|    1|          0|
    |ap_return_0_int_reg       |  13|   0|   13|          0|
    |ap_return_1_int_reg       |  13|   0|   13|          0|
    |ap_return_2_int_reg       |  13|   0|   13|          0|
    |icmp_ln870_2_reg_3653     |   1|   0|    1|          0|
    |icmp_ln870_reg_3776       |   1|   0|    1|          0|
    |icmp_ln878_10_reg_3932    |   1|   0|    1|          0|
    |icmp_ln878_12_reg_3771    |   1|   0|    1|          0|
    |or_ln51_1_reg_3790        |   1|   0|    1|          0|
    |or_ln51_3_reg_3797        |   1|   0|    1|          0|
    |p1_x_int_reg              |  13|   0|   13|          0|
    |p1_x_read_reg_3408        |  13|   0|   13|          0|
    |p1_y_int_reg              |  13|   0|   13|          0|
    |p1_y_read_reg_3401        |  13|   0|   13|          0|
    |p1_z_int_reg              |  13|   0|   13|          0|
    |p1_z_read_reg_3392        |  13|   0|   13|          0|
    |p2_x_int_reg              |  13|   0|   13|          0|
    |p2_x_read_reg_3386        |  13|   0|   13|          0|
    |p2_y_int_reg              |  13|   0|   13|          0|
    |p2_y_read_reg_3380        |  13|   0|   13|          0|
    |p2_z_int_reg              |  13|   0|   13|          0|
    |p2_z_read_reg_3372        |  13|   0|   13|          0|
    |ret_16_reg_3445           |  26|   0|   26|          0|
    |ret_17_reg_3509           |  26|   0|   26|          0|
    |ret_18_reg_3525           |  26|   0|   26|          0|
    |ret_19_reg_3541           |  26|   0|   26|          0|
    |ret_20_reg_3658           |  26|   0|   26|          0|
    |ret_21_reg_3557           |  26|   0|   26|          0|
    |ret_22_reg_3674           |  26|   0|   26|          0|
    |ret_24_reg_3718           |  26|   0|   26|          0|
    |ret_25_reg_3810           |  26|   0|   26|          0|
    |ret_27_reg_3826           |  26|   0|   26|          0|
    |ret_28_reg_3842           |  26|   0|   26|          0|
    |ret_30_reg_3981           |  26|   0|   26|          0|
    |ret_32_reg_4020           |  26|   0|   26|          0|
    |ret_34_reg_3879           |  26|   0|   26|          0|
    |ret_35_reg_4036           |  26|   0|   26|          0|
    |ret_reg_3429              |  26|   0|   26|          0|
    |select_ln26_reg_4014      |  13|   0|   13|          0|
    |select_ln51_11_reg_3959   |  13|   0|   13|          0|
    |select_ln51_12_reg_4078   |  13|   0|   13|          0|
    |select_ln51_2_reg_3949    |  13|   0|   13|          0|
    |select_ln51_3_reg_3976    |  13|   0|   13|          0|
    |select_ln51_6_reg_3954    |  13|   0|   13|          0|
    |t_V_10_reg_3562           |  14|   0|   14|          0|
    |t_V_11_reg_3679           |  14|   0|   14|          0|
    |t_V_12_reg_3723           |  14|   0|   14|          0|
    |t_V_13_reg_3815           |  14|   0|   14|          0|
    |t_V_14_reg_3831           |  14|   0|   14|          0|
    |t_V_15_reg_3847           |  14|   0|   14|          0|
    |t_V_16_reg_3986           |  14|   0|   14|          0|
    |t_V_17_reg_4025           |  14|   0|   14|          0|
    |t_V_18_reg_3884           |  14|   0|   14|          0|
    |t_V_19_reg_4041           |  14|   0|   14|          0|
    |t_V_6_reg_3514            |  14|   0|   14|          0|
    |t_V_7_reg_3530            |  14|   0|   14|          0|
    |t_V_8_reg_3546            |  14|   0|   14|          0|
    |t_V_9_reg_3663            |  14|   0|   14|          0|
    |t_V_reg_3450              |  14|   0|   14|          0|
    |t_reg_3434                |  14|   0|   14|          0|
    |trunc_ln1497_66_reg_3456  |  13|   0|   13|          0|
    |trunc_ln1497_67_reg_3520  |  13|   0|   13|          0|
    |trunc_ln1497_68_reg_3536  |  13|   0|   13|          0|
    |trunc_ln1497_69_reg_3552  |  13|   0|   13|          0|
    |trunc_ln1497_70_reg_3669  |  13|   0|   13|          0|
    |trunc_ln1497_71_reg_3568  |  13|   0|   13|          0|
    |trunc_ln1497_72_reg_3685  |  13|   0|   13|          0|
    |trunc_ln1497_73_reg_3729  |  13|   0|   13|          0|
    |trunc_ln1497_74_reg_3821  |  13|   0|   13|          0|
    |trunc_ln1497_75_reg_3837  |  13|   0|   13|          0|
    |trunc_ln1497_76_reg_3853  |  13|   0|   13|          0|
    |trunc_ln1497_77_reg_3992  |  13|   0|   13|          0|
    |trunc_ln1497_78_reg_4031  |  13|   0|   13|          0|
    |trunc_ln1497_79_reg_3890  |  13|   0|   13|          0|
    |trunc_ln1497_80_reg_4047  |  13|   0|   13|          0|
    |trunc_ln1497_reg_3440     |  13|   0|   13|          0|
    |x_V_13_reg_3712           |  13|   0|   13|          0|
    |x_V_20_reg_3909           |  13|   0|   13|          0|
    |x_V_21_reg_3937           |  13|   0|   13|          0|
    |x_V_23_reg_4072           |  13|   0|   13|          0|
    |x_V_25_reg_3943           |  13|   0|   13|          0|
    |x_V_26_reg_3970           |  13|   0|   13|          0|
    |x_V_reg_3609              |  13|   0|   13|          0|
    |y_V_107_reg_3740          |  26|   0|   26|          0|
    |y_V_113_reg_3858          |  26|   0|   26|          0|
    |y_V_119_reg_3865          |  26|   0|   26|          0|
    |y_V_124_reg_3872          |  26|   0|   26|          0|
    |y_V_133_reg_4007          |  26|   0|   26|          0|
    |y_V_139_reg_4052          |  26|   0|   26|          0|
    |y_V_142_reg_4066          |  13|   0|   13|          0|
    |y_V_145_reg_3925          |  26|   0|   26|          0|
    |y_V_151_reg_4059          |  26|   0|   26|          0|
    |y_V_156_reg_3601          |  13|   0|   13|          0|
    |y_V_157_reg_3704          |  13|   0|   13|          0|
    |y_V_158_reg_3901          |  13|   0|   13|          0|
    |y_V_159_reg_3895          |  13|   0|   13|          0|
    |y_V_160_reg_3964          |  13|   0|   13|          0|
    |y_V_60_reg_3461           |  26|   0|   26|          0|
    |y_V_65_reg_3468           |  26|   0|   26|          0|
    |y_V_68_reg_3481           |  13|   0|   13|          0|
    |y_V_71_reg_3573           |  26|   0|   26|          0|
    |y_V_74_reg_3475           |  13|   0|   13|          0|
    |y_V_77_reg_3580           |  26|   0|   26|          0|
    |y_V_82_reg_3587           |  26|   0|   26|          0|
    |y_V_88_reg_3690           |  26|   0|   26|          0|
    |y_V_93_reg_3594           |  26|   0|   26|          0|
    |y_V_99_reg_3697           |  26|   0|   26|          0|
    |zext_ln1345_11_reg_3747   |  13|   0|   26|         13|
    |zext_ln1345_14_reg_3764   |  13|   0|   26|         13|
    |zext_ln1345_7_reg_3422    |  13|   0|   26|         13|
    |zext_ln1345_reg_3415      |  13|   0|   26|         13|
    |H_V_reg_3641              |  64|  32|   13|          0|
    |and_ln51_reg_3783         |  64|  32|    1|          0|
    |icmp_ln870_2_reg_3653     |  64|  32|    1|          0|
    |icmp_ln870_reg_3776       |  64|  32|    1|          0|
    |or_ln51_1_reg_3790        |  64|  32|    1|          0|
    |or_ln51_3_reg_3797        |  64|  32|    1|          0|
    |p1_x_read_reg_3408        |  64|  32|   13|          0|
    |p1_y_read_reg_3401        |  64|  32|   13|          0|
    |p1_z_read_reg_3392        |  64|  32|   13|          0|
    |p2_x_read_reg_3386        |  64|  32|   13|          0|
    |p2_y_read_reg_3380        |  64|  32|   13|          0|
    |p2_z_read_reg_3372        |  64|  32|   13|          0|
    |select_ln26_reg_4014      |  64|  32|   13|          0|
    |select_ln51_11_reg_3959   |  64|  32|   13|          0|
    |select_ln51_3_reg_3976    |  64|  32|   13|          0|
    |select_ln51_6_reg_3954    |  64|  32|   13|          0|
    |y_V_156_reg_3601          |  64|  32|   13|          0|
    |y_V_157_reg_3704          |  64|  32|   13|          0|
    |y_V_158_reg_3901          |  64|  32|   13|          0|
    |y_V_68_reg_3481           |  64|  32|   13|          0|
    |y_V_74_reg_3475           |  64|  32|   13|          0|
    |zext_ln1345_11_reg_3747   |  64|  32|   26|         13|
    |zext_ln1345_14_reg_3764   |  64|  32|   26|         13|
    |zext_ln1345_7_reg_3422    |  64|  32|   26|         13|
    |zext_ln1345_reg_3415      |  64|  32|   26|         13|
    +--------------------------+----+----+-----+-----------+
    |Total                     |3431| 800| 2200|        104|
    +--------------------------+----+----+-----+-----------+



================================================================
== Interface
================================================================
* Summary: 
+-------------+-----+-----+------------+--------------+--------------+
|  RTL Ports  | Dir | Bits|  Protocol  | Source Object|    C Type    |
+-------------+-----+-----+------------+--------------+--------------+
|ap_clk       |   in|    1|  ap_ctrl_hs|          padd|  return value|
|ap_rst       |   in|    1|  ap_ctrl_hs|          padd|  return value|
|ap_return_0  |  out|   13|  ap_ctrl_hs|          padd|  return value|
|ap_return_1  |  out|   13|  ap_ctrl_hs|          padd|  return value|
|ap_return_2  |  out|   13|  ap_ctrl_hs|          padd|  return value|
|ap_ce        |   in|    1|  ap_ctrl_hs|          padd|  return value|
|p1_x         |   in|   13|     ap_none|          p1_x|        scalar|
|p1_y         |   in|   13|     ap_none|          p1_y|        scalar|
|p1_z         |   in|   13|     ap_none|          p1_z|        scalar|
|p2_x         |   in|   13|     ap_none|          p2_x|        scalar|
|p2_y         |   in|   13|     ap_none|          p2_y|        scalar|
|p2_z         |   in|   13|     ap_none|          p2_z|        scalar|
+-------------+-----+-----+------------+--------------+--------------+

