

================================================================
== Vitis HLS Report for 'pdouble'
================================================================
* Date:           Sat Jul 30 06:05:42 2022

* Version:        2020.2 (Build 3064766 on Wed Nov 18 09:12:47 MST 2020)
* Project:        hls_msm_32w_13bit
* Solution:       solution1 (Vivado IP Flow Target)
* Product family: virtexuplus
* Target device:  xcvu9p-flga2104-2-i


================================================================
== Performance Estimates
================================================================
+ Timing: 
    * Summary: 
    +--------+---------+----------+------------+
    |  Clock |  Target | Estimated| Uncertainty|
    +--------+---------+----------+------------+
    |ap_clk  |  4.00 ns|  2.814 ns|     1.08 ns|
    +--------+---------+----------+------------+

+ Latency: 
    * Summary: 
    +---------+---------+-----------+-----------+-----+-----+---------+
    |  Latency (cycles) |   Latency (absolute)  |  Interval | Pipeline|
    |   min   |   max   |    min    |    max    | min | max |   Type  |
    +---------+---------+-----------+-----------+-----+-----+---------+
    |       22|       22|  88.000 ns|  88.000 ns|    1|    1|      yes|
    +---------+---------+-----------+-----------+-----+-----+---------+

    + Detail: 
        * Instance: 
        N/A

        * Loop: 
        N/A



================================================================
== Utilization Estimates
================================================================
* Summary: 
+---------------------+---------+------+---------+---------+-----+
|         Name        | BRAM_18K|  DSP |    FF   |   LUT   | URAM|
+---------------------+---------+------+---------+---------+-----+
|DSP                  |        -|     7|        -|        -|    -|
|Expression           |        -|     -|        0|     2877|    -|
|FIFO                 |        -|     -|        -|        -|    -|
|Instance             |        -|     -|        -|        -|    -|
|Memory               |        -|     -|        -|        -|    -|
|Multiplexer          |        -|     -|        -|       27|    -|
|Register             |        -|     -|     1257|      192|    -|
+---------------------+---------+------+---------+---------+-----+
|Total                |        0|     7|     1257|     3096|    0|
+---------------------+---------+------+---------+---------+-----+
|Available SLR        |     1440|  2280|   788160|   394080|  320|
+---------------------+---------+------+---------+---------+-----+
|Utilization SLR (%)  |        0|    ~0|       ~0|       ~0|    0|
+---------------------+---------+------+---------+---------+-----+
|Available            |     4320|  6840|  2364480|  1182240|  960|
+---------------------+---------+------+---------+---------+-----+
|Utilization (%)      |        0|    ~0|       ~0|       ~0|    0|
+---------------------+---------+------+---------+---------+-----+

+ Detail: 
    * Instance: 
    N/A

    * DSP: 
    +------------------------------+--------------------------+-----------+
    |           Instance           |          Module          | Expression|
    +------------------------------+--------------------------+-----------+
    |mul_mul_13ns_13ns_26_4_0_U10  |mul_mul_13ns_13ns_26_4_0  |    i0 * i0|
    |mul_mul_13ns_13ns_26_4_0_U11  |mul_mul_13ns_13ns_26_4_0  |    i0 * i1|
    |mul_mul_13ns_13ns_26_4_0_U12  |mul_mul_13ns_13ns_26_4_0  |    i0 * i0|
    |mul_mul_13ns_13ns_26_4_0_U13  |mul_mul_13ns_13ns_26_4_0  |    i0 * i0|
    |mul_mul_13ns_13ns_26_4_0_U14  |mul_mul_13ns_13ns_26_4_0  |    i0 * i0|
    |mul_mul_13ns_13ns_26_4_0_U15  |mul_mul_13ns_13ns_26_4_0  |    i0 * i0|
    |mul_mul_13ns_13ns_26_4_0_U16  |mul_mul_13ns_13ns_26_4_0  |    i0 * i1|
    +------------------------------+--------------------------+-----------+

    * Memory: 
    N/A

    * FIFO: 
    N/A

    * Expression: 
    +----------------------------+----------+----+---+----+------------+------------+
    |        Variable Name       | Operation| DSP| FF| LUT| Bitwidth P0| Bitwidth P1|
    +----------------------------+----------+----+---+----+------------+------------+
    |add_ln208_10_fu_1346_p2     |         +|   0|  0|  17|          10|          10|
    |add_ln208_12_fu_183_p2      |         +|   0|  0|  17|          10|          10|
    |add_ln208_2_fu_124_p2       |         +|   0|  0|  17|          10|          10|
    |add_ln208_4_fu_712_p2       |         +|   0|  0|  17|          10|          10|
    |add_ln208_6_fu_771_p2       |         +|   0|  0|  17|          10|          10|
    |add_ln208_8_fu_1028_p2      |         +|   0|  0|  17|          10|          10|
    |add_ln208_fu_358_p2         |         +|   0|  0|  17|          10|          10|
    |add_ln213_10_fu_875_p2      |         +|   0|  0|  17|          26|          26|
    |add_ln213_15_fu_652_p2      |         +|   0|  0|  17|          13|          13|
    |add_ln213_16_fu_1109_p2     |         +|   0|  0|  17|          26|          26|
    |add_ln213_21_fu_1424_p2     |         +|   0|  0|  17|          26|          26|
    |add_ln213_24_fu_287_p2      |         +|   0|  0|  17|          26|          26|
    |add_ln213_3_fu_229_p2       |         +|   0|  0|  17|          26|          26|
    |add_ln213_6_fu_817_p2       |         +|   0|  0|  17|          26|          26|
    |add_ln213_9_fu_536_p2       |         +|   0|  0|  17|          13|          13|
    |add_ln213_fu_486_p2         |         +|   0|  0|  17|          26|          26|
    |add_ln26_1_fu_405_p2        |         +|   0|  0|  20|          13|           9|
    |add_ln26_2_fu_934_p2        |         +|   0|  0|  20|          13|           9|
    |add_ln26_3_fu_975_p2        |         +|   0|  0|  20|          13|           9|
    |add_ln26_4_fu_1211_p2       |         +|   0|  0|  20|          13|           9|
    |add_ln26_5_fu_1549_p2       |         +|   0|  0|  20|          13|           9|
    |add_ln26_6_fu_446_p2        |         +|   0|  0|  20|          13|           9|
    |add_ln26_fu_581_p2          |         +|   0|  0|  20|          13|           9|
    |b_V_fu_1579_p2              |         +|   0|  0|  17|          13|          13|
    |ret_3_fu_524_p2             |         +|   0|  0|  21|          14|          14|
    |ret_7_fu_640_p2             |         +|   0|  0|  21|          14|          14|
    |t_V_1_fu_722_p2             |         +|   0|  0|  21|          14|          14|
    |t_V_2_fu_781_p2             |         +|   0|  0|  21|          14|          14|
    |t_V_3_fu_1038_p2            |         +|   0|  0|  21|          14|          14|
    |t_V_4_fu_1356_p2            |         +|   0|  0|  21|          14|          14|
    |t_V_5_fu_193_p2             |         +|   0|  0|  21|          14|          14|
    |t_V_fu_134_p2               |         +|   0|  0|  21|          14|          14|
    |t_fu_368_p2                 |         +|   0|  0|  21|          14|          14|
    |x_V_2_fu_1064_p2            |         +|   0|  0|  17|          13|          13|
    |y_V_12_fu_835_p2            |         +|   0|  0|  33|          26|          14|
    |y_V_14_fu_912_p2            |         +|   0|  0|  33|          26|          14|
    |y_V_19_fu_893_p2            |         +|   0|  0|  33|          26|          14|
    |y_V_1_fu_504_p2             |         +|   0|  0|  33|          26|          14|
    |y_V_21_fu_953_p2            |         +|   0|  0|  33|          26|          14|
    |y_V_28_fu_1127_p2           |         +|   0|  0|  33|          26|          14|
    |y_V_30_fu_1189_p2           |         +|   0|  0|  33|          26|          14|
    |y_V_37_fu_1297_p2           |         +|   0|  0|  17|          13|          13|
    |y_V_39_fu_1442_p2           |         +|   0|  0|  33|          26|          14|
    |y_V_3_fu_559_p2             |         +|   0|  0|  33|          26|          14|
    |y_V_41_fu_1527_p2           |         +|   0|  0|  33|          26|          14|
    |y_V_44_fu_305_p2            |         +|   0|  0|  33|          26|          14|
    |y_V_46_fu_424_p2            |         +|   0|  0|  33|          26|          14|
    |y_V_53_fu_1145_p2           |         +|   0|  0|  17|          13|          13|
    |y_V_56_fu_1275_p2           |         +|   0|  0|  17|          13|          13|
    |y_V_6_fu_247_p2             |         +|   0|  0|  33|          26|          14|
    |y_V_8_fu_383_p2             |         +|   0|  0|  33|          26|          14|
    |c_V_fu_1611_p2              |         -|   0|  0|  20|          13|          13|
    |sub_ln213_11_fu_1141_p2     |         -|   0|  0|  17|          13|          13|
    |sub_ln213_15_fu_1104_p2     |         -|   0|  0|  33|          26|          26|
    |sub_ln213_18_fu_1293_p2     |         -|   0|  0|  17|          13|          13|
    |sub_ln213_1_fu_481_p2       |         -|   0|  0|  33|          26|          26|
    |sub_ln213_22_fu_1419_p2     |         -|   0|  0|  33|          26|          26|
    |sub_ln213_24_fu_282_p2      |         -|   0|  0|  33|          26|          26|
    |sub_ln213_26_fu_1575_p2     |         -|   0|  0|  17|          13|          13|
    |sub_ln213_3_fu_224_p2       |         -|   0|  0|  33|          26|          26|
    |sub_ln213_5_fu_1270_p2      |         -|   0|  0|  17|          13|          13|
    |sub_ln213_6_fu_812_p2       |         -|   0|  0|  33|          26|          26|
    |sub_ln213_9_fu_870_p2       |         -|   0|  0|  33|          26|          26|
    |sub_ln213_fu_1060_p2        |         -|   0|  0|  17|          13|          13|
    |x_V_5_fu_630_p2             |         -|   0|  0|  20|          13|          13|
    |y_V_11_fu_823_p2            |         -|   0|  0|  17|          26|          26|
    |y_V_18_fu_881_p2            |         -|   0|  0|  17|          26|          26|
    |y_V_27_fu_1115_p2           |         -|   0|  0|  17|          26|          26|
    |y_V_33_fu_1251_p2           |         -|   0|  0|  20|          13|          13|
    |y_V_38_fu_1430_p2           |         -|   0|  0|  17|          26|          26|
    |y_V_43_fu_293_p2            |         -|   0|  0|  17|          26|          26|
    |y_V_48_fu_1516_p2           |         -|   0|  0|  20|          13|          13|
    |y_V_50_fu_548_p2            |         -|   0|  0|  17|          13|          13|
    |y_V_54_fu_663_p2            |         -|   0|  0|  17|          13|          13|
    |y_V_55_fu_1178_p2           |         -|   0|  0|  20|          13|          13|
    |y_V_57_fu_1392_p2           |         -|   0|  0|  20|          13|          13|
    |y_V_58_fu_1482_p2           |         -|   0|  0|  20|          13|          13|
    |y_V_5_fu_235_p2             |         -|   0|  0|  17|          26|          26|
    |y_V_fu_492_p2               |         -|   0|  0|  17|          26|          26|
    |icmp_ln878_1_fu_1158_p2     |      icmp|   0|  0|  12|          14|          13|
    |icmp_ln878_2_fu_611_p2      |      icmp|   0|  0|  12|          14|          13|
    |icmp_ln878_3_fu_646_p2      |      icmp|   0|  0|  12|          14|          13|
    |icmp_ln878_4_fu_1233_p2     |      icmp|   0|  0|  12|          14|          13|
    |icmp_ln878_5_fu_1373_p2     |      icmp|   0|  0|  12|          14|          13|
    |icmp_ln878_6_fu_1463_p2     |      icmp|   0|  0|  12|          14|          13|
    |icmp_ln878_7_fu_1496_p2     |      icmp|   0|  0|  12|          14|          13|
    |icmp_ln878_8_fu_1592_p2     |      icmp|   0|  0|  12|          14|          13|
    |icmp_ln878_fu_530_p2        |      icmp|   0|  0|  12|          14|          13|
    |icmp_ln882_10_fu_948_p2     |      icmp|   0|  0|  17|          26|          13|
    |icmp_ln882_11_fu_965_p2     |      icmp|   0|  0|  17|          26|          13|
    |icmp_ln882_12_fu_1121_p2    |      icmp|   0|  0|  17|          26|          13|
    |icmp_ln882_13_fu_1184_p2    |      icmp|   0|  0|  17|          26|          13|
    |icmp_ln882_14_fu_1201_p2    |      icmp|   0|  0|  17|          26|          13|
    |icmp_ln882_15_fu_1436_p2    |      icmp|   0|  0|  17|          26|          13|
    |icmp_ln882_16_fu_1522_p2    |      icmp|   0|  0|  17|          26|          13|
    |icmp_ln882_17_fu_1539_p2    |      icmp|   0|  0|  17|          26|          13|
    |icmp_ln882_18_fu_299_p2     |      icmp|   0|  0|  17|          26|          13|
    |icmp_ln882_19_fu_419_p2     |      icmp|   0|  0|  17|          26|          13|
    |icmp_ln882_1_fu_554_p2      |      icmp|   0|  0|  17|          26|          13|
    |icmp_ln882_20_fu_436_p2     |      icmp|   0|  0|  17|          26|          13|
    |icmp_ln882_2_fu_571_p2      |      icmp|   0|  0|  17|          26|          13|
    |icmp_ln882_3_fu_241_p2      |      icmp|   0|  0|  17|          26|          13|
    |icmp_ln882_4_fu_378_p2      |      icmp|   0|  0|  17|          26|          13|
    |icmp_ln882_5_fu_395_p2      |      icmp|   0|  0|  17|          26|          13|
    |icmp_ln882_6_fu_829_p2      |      icmp|   0|  0|  17|          26|          13|
    |icmp_ln882_7_fu_907_p2      |      icmp|   0|  0|  17|          26|          13|
    |icmp_ln882_8_fu_924_p2      |      icmp|   0|  0|  17|          26|          13|
    |icmp_ln882_9_fu_887_p2      |      icmp|   0|  0|  17|          26|          13|
    |icmp_ln882_fu_498_p2        |      icmp|   0|  0|  17|          26|          13|
    |icmp_ln886_1_fu_1070_p2     |      icmp|   0|  0|  12|          13|          13|
    |icmp_ln886_2_fu_1257_p2     |      icmp|   0|  0|  12|          13|          13|
    |icmp_ln886_3_fu_1281_p2     |      icmp|   0|  0|  12|          13|          13|
    |icmp_ln886_4_fu_1563_p2     |      icmp|   0|  0|  12|          13|          13|
    |icmp_ln886_fu_1048_p2       |      icmp|   0|  0|  12|          13|          13|
    |select_ln213_10_fu_1474_p3  |    select|   0|  0|  10|           1|           1|
    |select_ln213_11_fu_1508_p3  |    select|   0|  0|  10|           1|           1|
    |select_ln213_12_fu_1567_p3  |    select|   0|  0|  10|           1|           1|
    |select_ln213_13_fu_1603_p3  |    select|   0|  0|  10|           1|           1|
    |select_ln213_1_fu_1052_p3   |    select|   0|  0|  10|           1|           1|
    |select_ln213_2_fu_1075_p3   |    select|   0|  0|  10|           1|           1|
    |select_ln213_3_fu_1170_p3   |    select|   0|  0|  10|           1|           1|
    |select_ln213_4_fu_622_p3    |    select|   0|  0|  10|           1|           1|
    |select_ln213_5_fu_656_p3    |    select|   0|  0|  10|           1|           1|
    |select_ln213_6_fu_1244_p3   |    select|   0|  0|  10|           1|           1|
    |select_ln213_7_fu_1262_p3   |    select|   0|  0|  10|           1|           1|
    |select_ln213_8_fu_1285_p3   |    select|   0|  0|  10|           1|           1|
    |select_ln213_9_fu_1384_p3   |    select|   0|  0|  10|           1|           1|
    |select_ln213_fu_540_p3      |    select|   0|  0|  10|           1|           1|
    |select_ln26_fu_452_p3       |    select|   0|  0|  13|           1|          13|
    |x_V_12_fu_1555_p3           |    select|   0|  0|  13|           1|          13|
    |x_V_1_fu_981_p3             |    select|   0|  0|  13|           1|          13|
    |x_V_8_fu_1217_p3            |    select|   0|  0|  13|           1|          13|
    |y_V_13_fu_841_p3            |    select|   0|  0|  26|           1|          26|
    |y_V_15_fu_917_p3            |    select|   0|  0|  26|           1|          26|
    |y_V_20_fu_899_p3            |    select|   0|  0|  26|           1|          26|
    |y_V_22_fu_958_p3            |    select|   0|  0|  26|           1|          26|
    |y_V_29_fu_1133_p3           |    select|   0|  0|  26|           1|          26|
    |y_V_2_fu_510_p3             |    select|   0|  0|  26|           1|          26|
    |y_V_31_fu_1194_p3           |    select|   0|  0|  26|           1|          26|
    |y_V_40_fu_1448_p3           |    select|   0|  0|  26|           1|          26|
    |y_V_42_fu_1532_p3           |    select|   0|  0|  26|           1|          26|
    |y_V_45_fu_311_p3            |    select|   0|  0|  26|           1|          26|
    |y_V_47_fu_429_p3            |    select|   0|  0|  26|           1|          26|
    |y_V_49_fu_411_p3            |    select|   0|  0|  13|           1|          13|
    |y_V_4_fu_564_p3             |    select|   0|  0|  26|           1|          26|
    |y_V_51_fu_587_p3            |    select|   0|  0|  13|           1|          13|
    |y_V_52_fu_940_p3            |    select|   0|  0|  13|           1|          13|
    |y_V_7_fu_253_p3             |    select|   0|  0|  26|           1|          26|
    |y_V_9_fu_388_p3             |    select|   0|  0|  26|           1|          26|
    +----------------------------+----------+----+---+----+------------+------------+
    |Total                       |          |   0|  0|2877|        2242|        2198|
    +----------------------------+----------+----+---+----+------------+------------+

    * Multiplexer: 
    +-------------+----+-----------+-----+-----------+
    |     Name    | LUT| Input Size| Bits| Total Bits|
    +-------------+----+-----------+-----+-----------+
    |ap_return_0  |   9|          2|   13|         26|
    |ap_return_1  |   9|          2|   13|         26|
    |ap_return_2  |   9|          2|   13|         26|
    +-------------+----+-----------+-----+-----------+
    |Total        |  27|          6|   39|         78|
    +-------------+----+-----------+-----+-----------+

    * Register: 
    +--------------------------------+----+----+-----+-----------+
    |              Name              | FF | LUT| Bits| Const Bits|
    +--------------------------------+----+----+-----+-----------+
    |ap_ce_reg                       |   1|   0|    1|          0|
    |ap_return_0_int_reg             |  13|   0|   13|          0|
    |ap_return_1_int_reg             |  13|   0|   13|          0|
    |ap_return_2_int_reg             |  13|   0|   13|          0|
    |icmp_ln878_3_reg_1835           |   1|   0|    1|          0|
    |icmp_ln878_4_reg_1953           |   1|   0|    1|          0|
    |p_x_int_reg                     |  13|   0|   13|          0|
    |p_x_read_reg_1696               |  13|   0|   13|          0|
    |p_y_int_reg                     |  13|   0|   13|          0|
    |p_z_int_reg                     |  13|   0|   13|          0|
    |ret_13_reg_1970                 |  26|   0|   26|          0|
    |ret_14_reg_1737                 |  26|   0|   26|          0|
    |ret_1_reg_1721                  |  26|   0|   26|          0|
    |ret_2_reg_1847                  |  26|   0|   26|          0|
    |ret_4_reg_1863                  |  26|   0|   26|          0|
    |ret_8_reg_1907                  |  26|   0|   26|          0|
    |ret_reg_1767                    |  26|   0|   26|          0|
    |select_ln213_2_reg_1928         |   5|   0|   13|          8|
    |select_ln26_reg_1790            |  13|   0|   13|          0|
    |t_V_1_reg_1852                  |  14|   0|   14|          0|
    |t_V_2_reg_1868                  |  14|   0|   14|          0|
    |t_V_3_reg_1912                  |  14|   0|   14|          0|
    |t_V_4_reg_1975                  |  14|   0|   14|          0|
    |t_V_5_reg_1742                  |  14|   0|   14|          0|
    |t_V_reg_1726                    |  14|   0|   14|          0|
    |t_reg_1772                      |  14|   0|   14|          0|
    |trunc_ln1497_20_reg_1732        |  13|   0|   13|          0|
    |trunc_ln1497_21_reg_1858        |  13|   0|   13|          0|
    |trunc_ln1497_22_reg_1874        |  13|   0|   13|          0|
    |trunc_ln1497_23_reg_1918        |  13|   0|   13|          0|
    |trunc_ln1497_24_reg_1981        |  13|   0|   13|          0|
    |trunc_ln1497_25_reg_1748        |  13|   0|   13|          0|
    |trunc_ln1497_reg_1778           |  13|   0|   13|          0|
    |x_V_12_reg_2005                 |  13|   0|   13|          0|
    |x_V_1_reg_1901                  |  13|   0|   13|          0|
    |x_V_2_reg_1923                  |  13|   0|   13|          0|
    |x_V_5_reg_1830                  |  13|   0|   13|          0|
    |x_V_8_reg_1947                  |  13|   0|   13|          0|
    |y_V_13_reg_1879                 |  26|   0|   26|          0|
    |y_V_20_reg_1886                 |  26|   0|   26|          0|
    |y_V_29_reg_1933                 |  26|   0|   26|          0|
    |y_V_2_reg_1796                  |  26|   0|   26|          0|
    |y_V_40_reg_1992                 |  26|   0|   26|          0|
    |y_V_45_reg_1760                 |  26|   0|   26|          0|
    |y_V_48_reg_1999                 |  13|   0|   13|          0|
    |y_V_49_reg_1783                 |  13|   0|   13|          0|
    |y_V_49_reg_1783_pp0_iter6_reg   |  13|   0|   13|          0|
    |y_V_50_reg_1803                 |  13|   0|   13|          0|
    |y_V_51_reg_1808                 |  13|   0|   13|          0|
    |y_V_52_reg_1893                 |  13|   0|   13|          0|
    |y_V_55_reg_1940                 |  13|   0|   13|          0|
    |y_V_55_reg_1940_pp0_iter15_reg  |  13|   0|   13|          0|
    |y_V_56_reg_1958                 |  13|   0|   13|          0|
    |y_V_57_reg_1986                 |  13|   0|   13|          0|
    |y_V_7_reg_1753                  |  26|   0|   26|          0|
    |zext_ln1345_4_reg_1840          |  13|   0|   26|         13|
    |p_x_read_reg_1696               |  64|  32|   13|          0|
    |select_ln26_reg_1790            |  64|  32|   13|          0|
    |y_V_51_reg_1808                 |  64|  32|   13|          0|
    |y_V_52_reg_1893                 |  64|  32|   13|          0|
    |y_V_56_reg_1958                 |  64|  32|   13|          0|
    |zext_ln1345_4_reg_1840          |  64|  32|   26|         13|
    +--------------------------------+----+----+-----+-----------+
    |Total                           |1257| 192|  985|         34|
    +--------------------------------+----+----+-----+-----------+



================================================================
== Interface
================================================================
* Summary: 
+-------------+-----+-----+------------+--------------+--------------+
|  RTL Ports  | Dir | Bits|  Protocol  | Source Object|    C Type    |
+-------------+-----+-----+------------+--------------+--------------+
|ap_clk       |   in|    1|  ap_ctrl_hs|       pdouble|  return value|
|ap_rst       |   in|    1|  ap_ctrl_hs|       pdouble|  return value|
|ap_return_0  |  out|   13|  ap_ctrl_hs|       pdouble|  return value|
|ap_return_1  |  out|   13|  ap_ctrl_hs|       pdouble|  return value|
|ap_return_2  |  out|   13|  ap_ctrl_hs|       pdouble|  return value|
|ap_ce        |   in|    1|  ap_ctrl_hs|       pdouble|  return value|
|p_x          |   in|   13|     ap_none|           p_x|        scalar|
|p_y          |   in|   13|     ap_none|           p_y|        scalar|
|p_z          |   in|   13|     ap_none|           p_z|        scalar|
+-------------+-----+-----+------------+--------------+--------------+

